<?xml version="1.0" encoding="UTF-8"?>
<testsuite xmlns:xsi="http://www.w3.org/2001/XMLSchema-instance" xsi:noNamespaceSchemaLocation="https://maven.apache.org/surefire/maven-surefire-plugin/xsd/surefire-test-report-3.0.xsd" version="3.0" name="com.hampcode.restaurant_reservation.restaurantbereapi.RestaurantBereApiApplicationTests" time="10.931" tests="1" errors="0" skipped="0" failures="0">
  <properties>
    <property name="java.specification.version" value="21"/>
    <property name="sun.cpu.isalist" value="amd64"/>
    <property name="sun.jnu.encoding" value="Cp1252"/>
    <property name="java.class.path" value="D:\Descargas\Documents\6 ciclo\Inso 2\DoñaBere\RestaurantBere-api\target\test-classes;D:\Descargas\Documents\6 ciclo\Inso 2\DoñaBere\RestaurantBere-api\target\classes;C:\Users\JAVIER\.m2\repository\org\springframework\boot\spring-boot-starter-data-jpa\3.3.4\spring-boot-starter-data-jpa-3.3.4.jar;C:\Users\JAVIER\.m2\repository\org\springframework\boot\spring-boot-starter-aop\3.3.4\spring-boot-starter-aop-3.3.4.jar;C:\Users\JAVIER\.m2\repository\org\springframework\spring-aop\6.1.13\spring-aop-6.1.13.jar;C:\Users\JAVIER\.m2\repository\org\aspectj\aspectjweaver\1.9.22.1\aspectjweaver-1.9.22.1.jar;C:\Users\JAVIER\.m2\repository\org\springframework\boot\spring-boot-starter-jdbc\3.3.4\spring-boot-starter-jdbc-3.3.4.jar;C:\Users\JAVIER\.m2\repository\com\zaxxer\HikariCP\5.1.0\HikariCP-5.1.0.jar;C:\Users\JAVIER\.m2\repository\org\springframework\spring-jdbc\6.1.13\spring-jdbc-6.1.13.jar;C:\Users\JAVIER\.m2\repository\org\hibernate\orm\hibernate-core\6.5.3.Final\hibernate-core-6.5.3.Final.jar;C:\Users\JAVIER\.m2\repository\jakarta\persistence\jakarta.persistence-api\3.1.0\jakarta.persistence-api-3.1.0.jar;C:\Users\JAVIER\.m2\repository\jakarta\transaction\jakarta.transaction-api\2.0.1\jakarta.transaction-api-2.0.1.jar;C:\Users\JAVIER\.m2\repository\org\jboss\logging\jboss-logging\3.5.3.Final\jboss-logging-3.5.3.Final.jar;C:\Users\JAVIER\.m2\repository\org\hibernate\common\hibernate-commons-annotations\6.0.6.Final\hibernate-commons-annotations-6.0.6.Final.jar;C:\Users\JAVIER\.m2\repository\io\smallrye\jandex\3.1.2\jandex-3.1.2.jar;C:\Users\JAVIER\.m2\repository\com\fasterxml\classmate\1.7.0\classmate-1.7.0.jar;C:\Users\JAVIER\.m2\repository\net\bytebuddy\byte-buddy\1.14.19\byte-buddy-1.14.19.jar;C:\Users\JAVIER\.m2\repository\org\glassfish\jaxb\jaxb-runtime\4.0.5\jaxb-runtime-4.0.5.jar;C:\Users\JAVIER\.m2\repository\org\glassfish\jaxb\jaxb-core\4.0.5\jaxb-core-4.0.5.jar;C:\Users\JAVIER\.m2\repository\org\glassfish\jaxb\txw2\4.0.5\txw2-4.0.5.jar;C:\Users\JAVIER\.m2\repository\com\sun\istack\istack-commons-runtime\4.1.2\istack-commons-runtime-4.1.2.jar;C:\Users\JAVIER\.m2\repository\jakarta\inject\jakarta.inject-api\2.0.1\jakarta.inject-api-2.0.1.jar;C:\Users\JAVIER\.m2\repository\org\antlr\antlr4-runtime\4.13.0\antlr4-runtime-4.13.0.jar;C:\Users\JAVIER\.m2\repository\org\springframework\data\spring-data-jpa\3.3.4\spring-data-jpa-3.3.4.jar;C:\Users\JAVIER\.m2\repository\org\springframework\data\spring-data-commons\3.3.4\spring-data-commons-3.3.4.jar;C:\Users\JAVIER\.m2\repository\org\springframework\spring-orm\6.1.13\spring-orm-6.1.13.jar;C:\Users\JAVIER\.m2\repository\org\springframework\spring-context\6.1.13\spring-context-6.1.13.jar;C:\Users\JAVIER\.m2\repository\org\springframework\spring-tx\6.1.13\spring-tx-6.1.13.jar;C:\Users\JAVIER\.m2\repository\org\springframework\spring-beans\6.1.13\spring-beans-6.1.13.jar;C:\Users\JAVIER\.m2\repository\jakarta\annotation\jakarta.annotation-api\2.1.1\jakarta.annotation-api-2.1.1.jar;C:\Users\JAVIER\.m2\repository\org\slf4j\slf4j-api\2.0.16\slf4j-api-2.0.16.jar;C:\Users\JAVIER\.m2\repository\org\springframework\spring-aspects\6.1.13\spring-aspects-6.1.13.jar;C:\Users\JAVIER\.m2\repository\org\springframework\boot\spring-boot-starter-validation\3.3.4\spring-boot-starter-validation-3.3.4.jar;C:\Users\JAVIER\.m2\repository\org\springframework\boot\spring-boot-starter\3.3.4\spring-boot-starter-3.3.4.jar;C:\Users\JAVIER\.m2\repository\org\springframework\boot\spring-boot-starter-logging\3.3.4\spring-boot-starter-logging-3.3.4.jar;C:\Users\JAVIER\.m2\repository\ch\qos\logback\logback-classic\1.5.8\logback-classic-1.5.8.jar;C:\Users\JAVIER\.m2\repository\ch\qos\logback\logback-core\1.5.8\logback-core-1.5.8.jar;C:\Users\JAVIER\.m2\repository\org\apache\logging\log4j\log4j-to-slf4j\2.23.1\log4j-to-slf4j-2.23.1.jar;C:\Users\JAVIER\.m2\repository\org\apache\logging\log4j\log4j-api\2.23.1\log4j-api-2.23.1.jar;C:\Users\JAVIER\.m2\repository\org\slf4j\jul-to-slf4j\2.0.16\jul-to-slf4j-2.0.16.jar;C:\Users\JAVIER\.m2\repository\org\yaml\snakeyaml\2.2\snakeyaml-2.2.jar;C:\Users\JAVIER\.m2\repository\org\apache\tomcat\embed\tomcat-embed-el\10.1.30\tomcat-embed-el-10.1.30.jar;C:\Users\JAVIER\.m2\repository\org\hibernate\validator\hibernate-validator\8.0.1.Final\hibernate-validator-8.0.1.Final.jar;C:\Users\JAVIER\.m2\repository\jakarta\validation\jakarta.validation-api\3.0.2\jakarta.validation-api-3.0.2.jar;C:\Users\JAVIER\.m2\repository\org\springframework\boot\spring-boot-starter-web\3.3.4\spring-boot-starter-web-3.3.4.jar;C:\Users\JAVIER\.m2\repository\org\springframework\boot\spring-boot-starter-json\3.3.4\spring-boot-starter-json-3.3.4.jar;C:\Users\JAVIER\.m2\repository\com\fasterxml\jackson\core\jackson-databind\2.17.2\jackson-databind-2.17.2.jar;C:\Users\JAVIER\.m2\repository\com\fasterxml\jackson\core\jackson-annotations\2.17.2\jackson-annotations-2.17.2.jar;C:\Users\JAVIER\.m2\repository\com\fasterxml\jackson\core\jackson-core\2.17.2\jackson-core-2.17.2.jar;C:\Users\JAVIER\.m2\repository\com\fasterxml\jackson\datatype\jackson-datatype-jdk8\2.17.2\jackson-datatype-jdk8-2.17.2.jar;C:\Users\JAVIER\.m2\repository\com\fasterxml\jackson\datatype\jackson-datatype-jsr310\2.17.2\jackson-datatype-jsr310-2.17.2.jar;C:\Users\JAVIER\.m2\repository\com\fasterxml\jackson\module\jackson-module-parameter-names\2.17.2\jackson-module-parameter-names-2.17.2.jar;C:\Users\JAVIER\.m2\repository\org\springframework\boot\spring-boot-starter-tomcat\3.3.4\spring-boot-starter-tomcat-3.3.4.jar;C:\Users\JAVIER\.m2\repository\org\apache\tomcat\embed\tomcat-embed-core\10.1.30\tomcat-embed-core-10.1.30.jar;C:\Users\JAVIER\.m2\repository\org\apache\tomcat\embed\tomcat-embed-websocket\10.1.30\tomcat-embed-websocket-10.1.30.jar;C:\Users\JAVIER\.m2\repository\org\springframework\spring-web\6.1.13\spring-web-6.1.13.jar;C:\Users\JAVIER\.m2\repository\io\micrometer\micrometer-observation\1.13.4\micrometer-observation-1.13.4.jar;C:\Users\JAVIER\.m2\repository\io\micrometer\micrometer-commons\1.13.4\micrometer-commons-1.13.4.jar;C:\Users\JAVIER\.m2\repository\org\springframework\spring-webmvc\6.1.13\spring-webmvc-6.1.13.jar;C:\Users\JAVIER\.m2\repository\org\springframework\spring-expression\6.1.13\spring-expression-6.1.13.jar;C:\Users\JAVIER\.m2\repository\org\springframework\boot\spring-boot-devtools\3.3.4\spring-boot-devtools-3.3.4.jar;C:\Users\JAVIER\.m2\repository\org\springframework\boot\spring-boot\3.3.4\spring-boot-3.3.4.jar;C:\Users\JAVIER\.m2\repository\org\springframework\boot\spring-boot-autoconfigure\3.3.4\spring-boot-autoconfigure-3.3.4.jar;C:\Users\JAVIER\.m2\repository\org\postgresql\postgresql\42.7.4\postgresql-42.7.4.jar;C:\Users\JAVIER\.m2\repository\org\checkerframework\checker-qual\3.42.0\checker-qual-3.42.0.jar;C:\Users\JAVIER\.m2\repository\org\projectlombok\lombok\1.18.34\lombok-1.18.34.jar;C:\Users\JAVIER\.m2\repository\org\springframework\boot\spring-boot-starter-test\3.3.4\spring-boot-starter-test-3.3.4.jar;C:\Users\JAVIER\.m2\repository\org\springframework\boot\spring-boot-test\3.3.4\spring-boot-test-3.3.4.jar;C:\Users\JAVIER\.m2\repository\org\springframework\boot\spring-boot-test-autoconfigure\3.3.4\spring-boot-test-autoconfigure-3.3.4.jar;C:\Users\JAVIER\.m2\repository\com\jayway\jsonpath\json-path\2.9.0\json-path-2.9.0.jar;C:\Users\JAVIER\.m2\repository\jakarta\xml\bind\jakarta.xml.bind-api\4.0.2\jakarta.xml.bind-api-4.0.2.jar;C:\Users\JAVIER\.m2\repository\jakarta\activation\jakarta.activation-api\2.1.3\jakarta.activation-api-2.1.3.jar;C:\Users\JAVIER\.m2\repository\net\minidev\json-smart\2.5.1\json-smart-2.5.1.jar;C:\Users\JAVIER\.m2\repository\net\minidev\accessors-smart\2.5.1\accessors-smart-2.5.1.jar;C:\Users\JAVIER\.m2\repository\org\ow2\asm\asm\9.6\asm-9.6.jar;C:\Users\JAVIER\.m2\repository\org\assertj\assertj-core\3.25.3\assertj-core-3.25.3.jar;C:\Users\JAVIER\.m2\repository\org\awaitility\awaitility\4.2.2\awaitility-4.2.2.jar;C:\Users\JAVIER\.m2\repository\org\hamcrest\hamcrest\2.2\hamcrest-2.2.jar;C:\Users\JAVIER\.m2\repository\org\junit\jupiter\junit-jupiter\5.10.3\junit-jupiter-5.10.3.jar;C:\Users\JAVIER\.m2\repository\org\junit\jupiter\junit-jupiter-api\5.10.3\junit-jupiter-api-5.10.3.jar;C:\Users\JAVIER\.m2\repository\org\opentest4j\opentest4j\1.3.0\opentest4j-1.3.0.jar;C:\Users\JAVIER\.m2\repository\org\junit\platform\junit-platform-commons\1.10.3\junit-platform-commons-1.10.3.jar;C:\Users\JAVIER\.m2\repository\org\apiguardian\apiguardian-api\1.1.2\apiguardian-api-1.1.2.jar;C:\Users\JAVIER\.m2\repository\org\junit\jupiter\junit-jupiter-params\5.10.3\junit-jupiter-params-5.10.3.jar;C:\Users\JAVIER\.m2\repository\org\junit\jupiter\junit-jupiter-engine\5.10.3\junit-jupiter-engine-5.10.3.jar;C:\Users\JAVIER\.m2\repository\org\junit\platform\junit-platform-engine\1.10.3\junit-platform-engine-1.10.3.jar;C:\Users\JAVIER\.m2\repository\org\mockito\mockito-core\5.11.0\mockito-core-5.11.0.jar;C:\Users\JAVIER\.m2\repository\net\bytebuddy\byte-buddy-agent\1.14.19\byte-buddy-agent-1.14.19.jar;C:\Users\JAVIER\.m2\repository\org\objenesis\objenesis\3.3\objenesis-3.3.jar;C:\Users\JAVIER\.m2\repository\org\mockito\mockito-junit-jupiter\5.11.0\mockito-junit-jupiter-5.11.0.jar;C:\Users\JAVIER\.m2\repository\org\skyscreamer\jsonassert\1.5.3\jsonassert-1.5.3.jar;C:\Users\JAVIER\.m2\repository\com\vaadin\external\google\android-json\0.0.20131108.vaadin1\android-json-0.0.20131108.vaadin1.jar;C:\Users\JAVIER\.m2\repository\org\springframework\spring-core\6.1.13\spring-core-6.1.13.jar;C:\Users\JAVIER\.m2\repository\org\springframework\spring-jcl\6.1.13\spring-jcl-6.1.13.jar;C:\Users\JAVIER\.m2\repository\org\springframework\spring-test\6.1.13\spring-test-6.1.13.jar;C:\Users\JAVIER\.m2\repository\org\xmlunit\xmlunit-core\2.9.1\xmlunit-core-2.9.1.jar;C:\Users\JAVIER\.m2\repository\org\modelmapper\modelmapper\3.0.0\modelmapper-3.0.0.jar;C:\Users\JAVIER\.m2\repository\com\paypal\sdk\checkout-sdk\1.0.2\checkout-sdk-1.0.2.jar;C:\Users\JAVIER\.m2\repository\com\paypal\paypalhttp\1.0.0\paypalhttp-1.0.0.jar;C:\Users\JAVIER\.m2\repository\io\github\cdimascio\java-dotenv\5.2.2\java-dotenv-5.2.2.jar;C:\Users\JAVIER\.m2\repository\org\jetbrains\kotlin\kotlin-stdlib\1.9.25\kotlin-stdlib-1.9.25.jar;C:\Users\JAVIER\.m2\repository\org\jetbrains\annotations\13.0\annotations-13.0.jar;C:\Users\JAVIER\.m2\repository\org\springframework\boot\spring-boot-starter-mail\3.3.4\spring-boot-starter-mail-3.3.4.jar;C:\Users\JAVIER\.m2\repository\org\springframework\spring-context-support\6.1.13\spring-context-support-6.1.13.jar;C:\Users\JAVIER\.m2\repository\org\eclipse\angus\jakarta.mail\2.0.3\jakarta.mail-2.0.3.jar;C:\Users\JAVIER\.m2\repository\org\eclipse\angus\angus-activation\2.0.2\angus-activation-2.0.2.jar;"/>
    <property name="java.vm.vendor" value="Eclipse Adoptium"/>
    <property name="sun.arch.data.model" value="64"/>
    <property name="user.variant" value=""/>
    <property name="java.vendor.url" value="https://adoptium.net/"/>
    <property name="user.timezone" value="America/Lima"/>
    <property name="org.jboss.logging.provider" value="slf4j"/>
    <property name="os.name" value="Windows 10"/>
    <property name="java.vm.specification.version" value="21"/>
    <property name="sun.java.launcher" value="SUN_STANDARD"/>
    <property name="user.country" value="MX"/>
    <property name="sun.boot.library.path" value="C:\Program Files\Eclipse Adoptium\jdk-21.0.4.7-hotspot\bin"/>
    <property name="sun.java.command" value="C:\Users\JAVIER\AppData\Local\Temp\surefire2017069128071461736\surefirebooter-20240929222734732_3.jar C:\Users\JAVIER\AppData\Local\Temp\surefire2017069128071461736 2024-09-29T22-27-34_474-jvmRun1 surefire-20240929222734732_1tmp surefire_0-20240929222734732_2tmp"/>
    <property name="jdk.debug" value="release"/>
    <property name="surefire.test.class.path" value="D:\Descargas\Documents\6 ciclo\Inso 2\DoñaBere\RestaurantBere-api\target\test-classes;D:\Descargas\Documents\6 ciclo\Inso 2\DoñaBere\RestaurantBere-api\target\classes;C:\Users\JAVIER\.m2\repository\org\springframework\boot\spring-boot-starter-data-jpa\3.3.4\spring-boot-starter-data-jpa-3.3.4.jar;C:\Users\JAVIER\.m2\repository\org\springframework\boot\spring-boot-starter-aop\3.3.4\spring-boot-starter-aop-3.3.4.jar;C:\Users\JAVIER\.m2\repository\org\springframework\spring-aop\6.1.13\spring-aop-6.1.13.jar;C:\Users\JAVIER\.m2\repository\org\aspectj\aspectjweaver\1.9.22.1\aspectjweaver-1.9.22.1.jar;C:\Users\JAVIER\.m2\repository\org\springframework\boot\spring-boot-starter-jdbc\3.3.4\spring-boot-starter-jdbc-3.3.4.jar;C:\Users\JAVIER\.m2\repository\com\zaxxer\HikariCP\5.1.0\HikariCP-5.1.0.jar;C:\Users\JAVIER\.m2\repository\org\springframework\spring-jdbc\6.1.13\spring-jdbc-6.1.13.jar;C:\Users\JAVIER\.m2\repository\org\hibernate\orm\hibernate-core\6.5.3.Final\hibernate-core-6.5.3.Final.jar;C:\Users\JAVIER\.m2\repository\jakarta\persistence\jakarta.persistence-api\3.1.0\jakarta.persistence-api-3.1.0.jar;C:\Users\JAVIER\.m2\repository\jakarta\transaction\jakarta.transaction-api\2.0.1\jakarta.transaction-api-2.0.1.jar;C:\Users\JAVIER\.m2\repository\org\jboss\logging\jboss-logging\3.5.3.Final\jboss-logging-3.5.3.Final.jar;C:\Users\JAVIER\.m2\repository\org\hibernate\common\hibernate-commons-annotations\6.0.6.Final\hibernate-commons-annotations-6.0.6.Final.jar;C:\Users\JAVIER\.m2\repository\io\smallrye\jandex\3.1.2\jandex-3.1.2.jar;C:\Users\JAVIER\.m2\repository\com\fasterxml\classmate\1.7.0\classmate-1.7.0.jar;C:\Users\JAVIER\.m2\repository\net\bytebuddy\byte-buddy\1.14.19\byte-buddy-1.14.19.jar;C:\Users\JAVIER\.m2\repository\org\glassfish\jaxb\jaxb-runtime\4.0.5\jaxb-runtime-4.0.5.jar;C:\Users\JAVIER\.m2\repository\org\glassfish\jaxb\jaxb-core\4.0.5\jaxb-core-4.0.5.jar;C:\Users\JAVIER\.m2\repository\org\glassfish\jaxb\txw2\4.0.5\txw2-4.0.5.jar;C:\Users\JAVIER\.m2\repository\com\sun\istack\istack-commons-runtime\4.1.2\istack-commons-runtime-4.1.2.jar;C:\Users\JAVIER\.m2\repository\jakarta\inject\jakarta.inject-api\2.0.1\jakarta.inject-api-2.0.1.jar;C:\Users\JAVIER\.m2\repository\org\antlr\antlr4-runtime\4.13.0\antlr4-runtime-4.13.0.jar;C:\Users\JAVIER\.m2\repository\org\springframework\data\spring-data-jpa\3.3.4\spring-data-jpa-3.3.4.jar;C:\Users\JAVIER\.m2\repository\org\springframework\data\spring-data-commons\3.3.4\spring-data-commons-3.3.4.jar;C:\Users\JAVIER\.m2\repository\org\springframework\spring-orm\6.1.13\spring-orm-6.1.13.jar;C:\Users\JAVIER\.m2\repository\org\springframework\spring-context\6.1.13\spring-context-6.1.13.jar;C:\Users\JAVIER\.m2\repository\org\springframework\spring-tx\6.1.13\spring-tx-6.1.13.jar;C:\Users\JAVIER\.m2\repository\org\springframework\spring-beans\6.1.13\spring-beans-6.1.13.jar;C:\Users\JAVIER\.m2\repository\jakarta\annotation\jakarta.annotation-api\2.1.1\jakarta.annotation-api-2.1.1.jar;C:\Users\JAVIER\.m2\repository\org\slf4j\slf4j-api\2.0.16\slf4j-api-2.0.16.jar;C:\Users\JAVIER\.m2\repository\org\springframework\spring-aspects\6.1.13\spring-aspects-6.1.13.jar;C:\Users\JAVIER\.m2\repository\org\springframework\boot\spring-boot-starter-validation\3.3.4\spring-boot-starter-validation-3.3.4.jar;C:\Users\JAVIER\.m2\repository\org\springframework\boot\spring-boot-starter\3.3.4\spring-boot-starter-3.3.4.jar;C:\Users\JAVIER\.m2\repository\org\springframework\boot\spring-boot-starter-logging\3.3.4\spring-boot-starter-logging-3.3.4.jar;C:\Users\JAVIER\.m2\repository\ch\qos\logback\logback-classic\1.5.8\logback-classic-1.5.8.jar;C:\Users\JAVIER\.m2\repository\ch\qos\logback\logback-core\1.5.8\logback-core-1.5.8.jar;C:\Users\JAVIER\.m2\repository\org\apache\logging\log4j\log4j-to-slf4j\2.23.1\log4j-to-slf4j-2.23.1.jar;C:\Users\JAVIER\.m2\repository\org\apache\logging\log4j\log4j-api\2.23.1\log4j-api-2.23.1.jar;C:\Users\JAVIER\.m2\repository\org\slf4j\jul-to-slf4j\2.0.16\jul-to-slf4j-2.0.16.jar;C:\Users\JAVIER\.m2\repository\org\yaml\snakeyaml\2.2\snakeyaml-2.2.jar;C:\Users\JAVIER\.m2\repository\org\apache\tomcat\embed\tomcat-embed-el\10.1.30\tomcat-embed-el-10.1.30.jar;C:\Users\JAVIER\.m2\repository\org\hibernate\validator\hibernate-validator\8.0.1.Final\hibernate-validator-8.0.1.Final.jar;C:\Users\JAVIER\.m2\repository\jakarta\validation\jakarta.validation-api\3.0.2\jakarta.validation-api-3.0.2.jar;C:\Users\JAVIER\.m2\repository\org\springframework\boot\spring-boot-starter-web\3.3.4\spring-boot-starter-web-3.3.4.jar;C:\Users\JAVIER\.m2\repository\org\springframework\boot\spring-boot-starter-json\3.3.4\spring-boot-starter-json-3.3.4.jar;C:\Users\JAVIER\.m2\repository\com\fasterxml\jackson\core\jackson-databind\2.17.2\jackson-databind-2.17.2.jar;C:\Users\JAVIER\.m2\repository\com\fasterxml\jackson\core\jackson-annotations\2.17.2\jackson-annotations-2.17.2.jar;C:\Users\JAVIER\.m2\repository\com\fasterxml\jackson\core\jackson-core\2.17.2\jackson-core-2.17.2.jar;C:\Users\JAVIER\.m2\repository\com\fasterxml\jackson\datatype\jackson-datatype-jdk8\2.17.2\jackson-datatype-jdk8-2.17.2.jar;C:\Users\JAVIER\.m2\repository\com\fasterxml\jackson\datatype\jackson-datatype-jsr310\2.17.2\jackson-datatype-jsr310-2.17.2.jar;C:\Users\JAVIER\.m2\repository\com\fasterxml\jackson\module\jackson-module-parameter-names\2.17.2\jackson-module-parameter-names-2.17.2.jar;C:\Users\JAVIER\.m2\repository\org\springframework\boot\spring-boot-starter-tomcat\3.3.4\spring-boot-starter-tomcat-3.3.4.jar;C:\Users\JAVIER\.m2\repository\org\apache\tomcat\embed\tomcat-embed-core\10.1.30\tomcat-embed-core-10.1.30.jar;C:\Users\JAVIER\.m2\repository\org\apache\tomcat\embed\tomcat-embed-websocket\10.1.30\tomcat-embed-websocket-10.1.30.jar;C:\Users\JAVIER\.m2\repository\org\springframework\spring-web\6.1.13\spring-web-6.1.13.jar;C:\Users\JAVIER\.m2\repository\io\micrometer\micrometer-observation\1.13.4\micrometer-observation-1.13.4.jar;C:\Users\JAVIER\.m2\repository\io\micrometer\micrometer-commons\1.13.4\micrometer-commons-1.13.4.jar;C:\Users\JAVIER\.m2\repository\org\springframework\spring-webmvc\6.1.13\spring-webmvc-6.1.13.jar;C:\Users\JAVIER\.m2\repository\org\springframework\spring-expression\6.1.13\spring-expression-6.1.13.jar;C:\Users\JAVIER\.m2\repository\org\springframework\boot\spring-boot-devtools\3.3.4\spring-boot-devtools-3.3.4.jar;C:\Users\JAVIER\.m2\repository\org\springframework\boot\spring-boot\3.3.4\spring-boot-3.3.4.jar;C:\Users\JAVIER\.m2\repository\org\springframework\boot\spring-boot-autoconfigure\3.3.4\spring-boot-autoconfigure-3.3.4.jar;C:\Users\JAVIER\.m2\repository\org\postgresql\postgresql\42.7.4\postgresql-42.7.4.jar;C:\Users\JAVIER\.m2\repository\org\checkerframework\checker-qual\3.42.0\checker-qual-3.42.0.jar;C:\Users\JAVIER\.m2\repository\org\projectlombok\lombok\1.18.34\lombok-1.18.34.jar;C:\Users\JAVIER\.m2\repository\org\springframework\boot\spring-boot-starter-test\3.3.4\spring-boot-starter-test-3.3.4.jar;C:\Users\JAVIER\.m2\repository\org\springframework\boot\spring-boot-test\3.3.4\spring-boot-test-3.3.4.jar;C:\Users\JAVIER\.m2\repository\org\springframework\boot\spring-boot-test-autoconfigure\3.3.4\spring-boot-test-autoconfigure-3.3.4.jar;C:\Users\JAVIER\.m2\repository\com\jayway\jsonpath\json-path\2.9.0\json-path-2.9.0.jar;C:\Users\JAVIER\.m2\repository\jakarta\xml\bind\jakarta.xml.bind-api\4.0.2\jakarta.xml.bind-api-4.0.2.jar;C:\Users\JAVIER\.m2\repository\jakarta\activation\jakarta.activation-api\2.1.3\jakarta.activation-api-2.1.3.jar;C:\Users\JAVIER\.m2\repository\net\minidev\json-smart\2.5.1\json-smart-2.5.1.jar;C:\Users\JAVIER\.m2\repository\net\minidev\accessors-smart\2.5.1\accessors-smart-2.5.1.jar;C:\Users\JAVIER\.m2\repository\org\ow2\asm\asm\9.6\asm-9.6.jar;C:\Users\JAVIER\.m2\repository\org\assertj\assertj-core\3.25.3\assertj-core-3.25.3.jar;C:\Users\JAVIER\.m2\repository\org\awaitility\awaitility\4.2.2\awaitility-4.2.2.jar;C:\Users\JAVIER\.m2\repository\org\hamcrest\hamcrest\2.2\hamcrest-2.2.jar;C:\Users\JAVIER\.m2\repository\org\junit\jupiter\junit-jupiter\5.10.3\junit-jupiter-5.10.3.jar;C:\Users\JAVIER\.m2\repository\org\junit\jupiter\junit-jupiter-api\5.10.3\junit-jupiter-api-5.10.3.jar;C:\Users\JAVIER\.m2\repository\org\opentest4j\opentest4j\1.3.0\opentest4j-1.3.0.jar;C:\Users\JAVIER\.m2\repository\org\junit\platform\junit-platform-commons\1.10.3\junit-platform-commons-1.10.3.jar;C:\Users\JAVIER\.m2\repository\org\apiguardian\apiguardian-api\1.1.2\apiguardian-api-1.1.2.jar;C:\Users\JAVIER\.m2\repository\org\junit\jupiter\junit-jupiter-params\5.10.3\junit-jupiter-params-5.10.3.jar;C:\Users\JAVIER\.m2\repository\org\junit\jupiter\junit-jupiter-engine\5.10.3\junit-jupiter-engine-5.10.3.jar;C:\Users\JAVIER\.m2\repository\org\junit\platform\junit-platform-engine\1.10.3\junit-platform-engine-1.10.3.jar;C:\Users\JAVIER\.m2\repository\org\mockito\mockito-core\5.11.0\mockito-core-5.11.0.jar;C:\Users\JAVIER\.m2\repository\net\bytebuddy\byte-buddy-agent\1.14.19\byte-buddy-agent-1.14.19.jar;C:\Users\JAVIER\.m2\repository\org\objenesis\objenesis\3.3\objenesis-3.3.jar;C:\Users\JAVIER\.m2\repository\org\mockito\mockito-junit-jupiter\5.11.0\mockito-junit-jupiter-5.11.0.jar;C:\Users\JAVIER\.m2\repository\org\skyscreamer\jsonassert\1.5.3\jsonassert-1.5.3.jar;C:\Users\JAVIER\.m2\repository\com\vaadin\external\google\android-json\0.0.20131108.vaadin1\android-json-0.0.20131108.vaadin1.jar;C:\Users\JAVIER\.m2\repository\org\springframework\spring-core\6.1.13\spring-core-6.1.13.jar;C:\Users\JAVIER\.m2\repository\org\springframework\spring-jcl\6.1.13\spring-jcl-6.1.13.jar;C:\Users\JAVIER\.m2\repository\org\springframework\spring-test\6.1.13\spring-test-6.1.13.jar;C:\Users\JAVIER\.m2\repository\org\xmlunit\xmlunit-core\2.9.1\xmlunit-core-2.9.1.jar;C:\Users\JAVIER\.m2\repository\org\modelmapper\modelmapper\3.0.0\modelmapper-3.0.0.jar;C:\Users\JAVIER\.m2\repository\com\paypal\sdk\checkout-sdk\1.0.2\checkout-sdk-1.0.2.jar;C:\Users\JAVIER\.m2\repository\com\paypal\paypalhttp\1.0.0\paypalhttp-1.0.0.jar;C:\Users\JAVIER\.m2\repository\io\github\cdimascio\java-dotenv\5.2.2\java-dotenv-5.2.2.jar;C:\Users\JAVIER\.m2\repository\org\jetbrains\kotlin\kotlin-stdlib\1.9.25\kotlin-stdlib-1.9.25.jar;C:\Users\JAVIER\.m2\repository\org\jetbrains\annotations\13.0\annotations-13.0.jar;C:\Users\JAVIER\.m2\repository\org\springframework\boot\spring-boot-starter-mail\3.3.4\spring-boot-starter-mail-3.3.4.jar;C:\Users\JAVIER\.m2\repository\org\springframework\spring-context-support\6.1.13\spring-context-support-6.1.13.jar;C:\Users\JAVIER\.m2\repository\org\eclipse\angus\jakarta.mail\2.0.3\jakarta.mail-2.0.3.jar;C:\Users\JAVIER\.m2\repository\org\eclipse\angus\angus-activation\2.0.2\angus-activation-2.0.2.jar;"/>
    <property name="sun.cpu.endian" value="little"/>
    <property name="user.home" value="C:\Users\JAVIER"/>
    <property name="user.language" value="es"/>
    <property name="java.specification.vendor" value="Oracle Corporation"/>
    <property name="java.version.date" value="2024-07-16"/>
    <property name="java.home" value="C:\Program Files\Eclipse Adoptium\jdk-21.0.4.7-hotspot"/>
    <property name="file.separator" value="\"/>
    <property name="basedir" value="D:\Descargas\Documents\6 ciclo\Inso 2\DoñaBere\RestaurantBere-api"/>
    <property name="java.vm.compressedOopsMode" value="Zero based"/>
    <property name="line.separator" value="&#10;"/>
    <property name="java.vm.specification.vendor" value="Oracle Corporation"/>
    <property name="java.specification.name" value="Java Platform API Specification"/>
    <property name="FILE_LOG_CHARSET" value="UTF-8"/>
    <property name="java.awt.headless" value="true"/>
    <property name="surefire.real.class.path" value="C:\Users\JAVIER\AppData\Local\Temp\surefire2017069128071461736\surefirebooter-20240929222734732_3.jar"/>
    <property name="user.script" value=""/>
    <property name="sun.management.compiler" value="HotSpot 64-Bit Tiered Compilers"/>
    <property name="java.runtime.version" value="21.0.4+7-LTS"/>
    <property name="user.name" value="JAVIER"/>
    <property name="stdout.encoding" value="Cp1252"/>
    <property name="path.separator" value=";"/>
    <property name="os.version" value="10.0"/>
    <property name="java.runtime.name" value="OpenJDK Runtime Environment"/>
    <property name="file.encoding" value="UTF-8"/>
    <property name="java.vm.name" value="OpenJDK 64-Bit Server VM"/>
    <property name="java.vendor.version" value="Temurin-21.0.4+7"/>
    <property name="localRepository" value="C:\Users\JAVIER\.m2\repository"/>
    <property name="java.vendor.url.bug" value="https://github.com/adoptium/adoptium-support/issues"/>
    <property name="java.io.tmpdir" value="C:\Users\JAVIER\AppData\Local\Temp\"/>
    <property name="com.zaxxer.hikari.pool_number" value="1"/>
    <property name="java.version" value="21.0.4"/>
    <property name="user.dir" value="D:\Descargas\Documents\6 ciclo\Inso 2\DoñaBere\RestaurantBere-api"/>
    <property name="os.arch" value="amd64"/>
    <property name="java.vm.specification.name" value="Java Virtual Machine Specification"/>
    <property name="PID" value="16844"/>
    <property name="sun.os.patch.level" value=""/>
    <property name="CONSOLE_LOG_CHARSET" value="UTF-8"/>
    <property name="native.encoding" value="Cp1252"/>
    <property name="java.library.path" value="C:\Program Files\Eclipse Adoptium\jdk-21.0.4.7-hotspot\bin;C:\Windows\Sun\Java\bin;C:\Windows\system32;C:\Windows;C:\Program Files\Eclipse Adoptium\jdk-21.0.4.7-hotspot\bin;C:\Program Files (x86)\VMware\VMware Player\bin\;C:\Windows\system32;C:\Windows;C:\Windows\System32\Wbem;C:\Windows\System32\WindowsPowerShell\v1.0\;C:\Windows\System32\OpenSSH\;C:\Program Files (x86)\NVIDIA Corporation\PhysX\Common;C:\Program Files\NVIDIA Corporation\NVIDIA NvDLISR;C:\Program Files\apache-maven-3.9.9\bin;C:\Program Files\Docker\Docker\resources\bin;C:\Program Files\nodejs\;C:\Users\JAVIER\AppData\Local\Programs\Python\Python311\Scripts\;C:\Users\JAVIER\AppData\Local\Programs\Python\Python311\;C:\Users\JAVIER\AppData\Local\Microsoft\WindowsApps;C:\Users\JAVIER\AppData\Local\Programs\Microsoft VS Code\bin;D:\Programs\JetBrains\IntelliJ IDEA 2024.2.0.2\bin;;C:\Users\JAVIER\AppData\Roaming\npm;."/>
    <property name="java.vm.info" value="mixed mode, sharing"/>
    <property name="stderr.encoding" value="Cp1252"/>
    <property name="java.vendor" value="Eclipse Adoptium"/>
    <property name="java.vm.version" value="21.0.4+7-LTS"/>
    <property name="sun.io.unicode.encoding" value="UnicodeLittle"/>
    <property name="java.class.version" value="65.0"/>
    <property name="LOGGED_APPLICATION_NAME" value="[RestaurantBere-api] "/>
  </properties>
  <testcase name="contextLoads" classname="com.hampcode.restaurant_reservation.restaurantbereapi.RestaurantBereApiApplicationTests" time="0.931">
    <system-out><![CDATA[22:27:36.240 [main] INFO org.springframework.test.context.support.AnnotationConfigContextLoaderUtils -- Could not detect default configuration classes for test class [com.hampcode.restaurant_reservation.restaurantbereapi.RestaurantBereApiApplicationTests]: RestaurantBereApiApplicationTests does not declare any static, non-private, non-final, nested classes annotated with @Configuration.
22:27:36.461 [main] INFO org.springframework.boot.test.context.SpringBootTestContextBootstrapper -- Found @SpringBootConfiguration com.hampcode.restaurant_reservation.restaurantbereapi.RestaurantBereApiApplication for test class com.hampcode.restaurant_reservation.restaurantbereapi.RestaurantBereApiApplicationTests
22:27:36.758 [main] INFO org.springframework.boot.devtools.restart.RestartApplicationListener -- Restart disabled due to context in which it is running

  .   ____          _            __ _ _
 /\\ / ___'_ __ _ _(_)_ __  __ _ \ \ \ \
( ( )\___ | '_ | '_| | '_ \/ _` | \ \ \ \
 \\/  ___)| |_)| | | | | || (_| |  ) ) ) )
  '  |____| .__|_| |_|_| |_\__, | / / / /
 =========|_|==============|___/=/_/_/_/

 :: Spring Boot ::                (v3.3.4)

2024-09-29T22:27:37.229-05:00  INFO 16844 --- [RestaurantBere-api] [           main] .h.r.r.RestaurantBereApiApplicationTests : Starting RestaurantBereApiApplicationTests using Java 21.0.4 with PID 16844 (started by JAVIER in D:\Descargas\Documents\6 ciclo\Inso 2\DoñaBere\RestaurantBere-api)
2024-09-29T22:27:37.232-05:00  INFO 16844 --- [RestaurantBere-api] [           main] .h.r.r.RestaurantBereApiApplicationTests : No active profile set, falling back to 1 default profile: "default"
2024-09-29T22:27:38.661-05:00  INFO 16844 --- [RestaurantBere-api] [           main] .s.d.r.c.RepositoryConfigurationDelegate : Bootstrapping Spring Data JPA repositories in DEFAULT mode.
2024-09-29T22:27:38.822-05:00  INFO 16844 --- [RestaurantBere-api] [           main] .s.d.r.c.RepositoryConfigurationDelegate : Finished Spring Data repository scanning in 147 ms. Found 6 JPA repository interfaces.
2024-09-29T22:27:39.670-05:00  INFO 16844 --- [RestaurantBere-api] [           main] o.hibernate.jpa.internal.util.LogHelper  : HHH000204: Processing PersistenceUnitInfo [name: default]
2024-09-29T22:27:39.774-05:00  INFO 16844 --- [RestaurantBere-api] [           main] org.hibernate.Version                    : HHH000412: Hibernate ORM core version 6.5.3.Final
2024-09-29T22:27:39.831-05:00  INFO 16844 --- [RestaurantBere-api] [           main] o.h.c.internal.RegionFactoryInitiator    : HHH000026: Second-level cache disabled
2024-09-29T22:27:40.408-05:00  INFO 16844 --- [RestaurantBere-api] [           main] o.s.o.j.p.SpringPersistenceUnitInfo      : No LoadTimeWeaver setup: ignoring JPA class transformer
2024-09-29T22:27:40.469-05:00  INFO 16844 --- [RestaurantBere-api] [           main] com.zaxxer.hikari.HikariDataSource       : HikariPool-1 - Starting...
2024-09-29T22:27:40.840-05:00  INFO 16844 --- [RestaurantBere-api] [           main] com.zaxxer.hikari.pool.HikariPool        : HikariPool-1 - Added connection org.postgresql.jdbc.PgConnection@3e8b8f0
2024-09-29T22:27:40.842-05:00  INFO 16844 --- [RestaurantBere-api] [           main] com.zaxxer.hikari.HikariDataSource       : HikariPool-1 - Start completed.
2024-09-29T22:27:40.897-05:00  WARN 16844 --- [RestaurantBere-api] [           main] org.hibernate.orm.deprecation            : HHH90000025: PostgreSQLDialect does not need to be specified explicitly using 'hibernate.dialect' (remove the property setting and it will be selected by default)
2024-09-29T22:27:42.562-05:00  INFO 16844 --- [RestaurantBere-api] [           main] o.h.e.t.j.p.i.JtaPlatformInitiator       : HHH000489: No JTA platform available (set 'hibernate.transaction.jta.platform' to enable JTA platform integration)
2024-09-29T22:27:42.716-05:00  INFO 16844 --- [RestaurantBere-api] [           main] j.LocalContainerEntityManagerFactoryBean : Initialized JPA EntityManagerFactory for persistence unit 'default'
2024-09-29T22:27:43.574-05:00  INFO 16844 --- [RestaurantBere-api] [           main] o.s.d.j.r.query.QueryEnhancerFactory     : Hibernate is in classpath; If applicable, HQL parser will be used.
2024-09-29T22:27:45.098-05:00  WARN 16844 --- [RestaurantBere-api] [           main] JpaBaseConfiguration$JpaWebConfiguration : spring.jpa.open-in-view is enabled by default. Therefore, database queries may be performed during view rendering. Explicitly configure spring.jpa.open-in-view to disable this warning
2024-09-29T22:27:45.871-05:00  INFO 16844 --- [RestaurantBere-api] [           main] .h.r.r.RestaurantBereApiApplicationTests : Started RestaurantBereApiApplicationTests in 9.136 seconds (process running for 10.94)
Ejecutando la tarea programada para liberar mesas...
Hibernate: select r1_0.res_id_in,r1_0.res_cre_dt,r1_0.customer_cus_id_in,r1_0.res_date_dt,r1_0.res_end_time_tm,r1_0.res_ges_num_in,r1_0.res_tok_vc,r1_0.res_sta_pay_bo,r1_0.res_price_tot_do,r1_0.res_start_time_tm from reservation r1_0 where r1_0.res_cre_dt between ? and ?
Hibernate: select c1_0.cus_id_in,c1_0.cus_add_vc,c1_0.cus_dni_vc,c1_0.cus_mail_vc,c1_0.cus_name,c1_0.cus_pas_vc,c1_0.cus_pho_in,c1_0.cus_regis_date_dt from customer c1_0 where c1_0.cus_id_in=?
Hibernate: select c1_0.cus_id_in,c1_0.cus_add_vc,c1_0.cus_dni_vc,c1_0.cus_mail_vc,c1_0.cus_name,c1_0.cus_pas_vc,c1_0.cus_pho_in,c1_0.cus_regis_date_dt from customer c1_0 where c1_0.cus_id_in=?
Hibernate: select c1_0.cus_id_in,c1_0.cus_add_vc,c1_0.cus_dni_vc,c1_0.cus_mail_vc,c1_0.cus_name,c1_0.cus_pas_vc,c1_0.cus_pho_in,c1_0.cus_regis_date_dt from customer c1_0 where c1_0.cus_id_in=?
Hibernate: select c1_0.cus_id_in,c1_0.cus_add_vc,c1_0.cus_dni_vc,c1_0.cus_mail_vc,c1_0.cus_name,c1_0.cus_pas_vc,c1_0.cus_pho_in,c1_0.cus_regis_date_dt from customer c1_0 where c1_0.cus_id_in=?
Hibernate: select c1_0.cus_id_in,c1_0.cus_add_vc,c1_0.cus_dni_vc,c1_0.cus_mail_vc,c1_0.cus_name,c1_0.cus_pas_vc,c1_0.cus_pho_in,c1_0.cus_regis_date_dt from customer c1_0 where c1_0.cus_id_in=?
Hibernate: select c1_0.cus_id_in,c1_0.cus_add_vc,c1_0.cus_dni_vc,c1_0.cus_mail_vc,c1_0.cus_name,c1_0.cus_pas_vc,c1_0.cus_pho_in,c1_0.cus_regis_date_dt from customer c1_0 where c1_0.cus_id_in=?
Hibernate: select c1_0.cus_id_in,c1_0.cus_add_vc,c1_0.cus_dni_vc,c1_0.cus_mail_vc,c1_0.cus_name,c1_0.cus_pas_vc,c1_0.cus_pho_in,c1_0.cus_regis_date_dt from customer c1_0 where c1_0.cus_id_in=?
Hibernate: select c1_0.cus_id_in,c1_0.cus_add_vc,c1_0.cus_dni_vc,c1_0.cus_mail_vc,c1_0.cus_name,c1_0.cus_pas_vc,c1_0.cus_pho_in,c1_0.cus_regis_date_dt from customer c1_0 where c1_0.cus_id_in=?
Hibernate: select c1_0.cus_id_in,c1_0.cus_add_vc,c1_0.cus_dni_vc,c1_0.cus_mail_vc,c1_0.cus_name,c1_0.cus_pas_vc,c1_0.cus_pho_in,c1_0.cus_regis_date_dt from customer c1_0 where c1_0.cus_id_in=?
Hibernate: select c1_0.cus_id_in,c1_0.cus_add_vc,c1_0.cus_dni_vc,c1_0.cus_mail_vc,c1_0.cus_name,c1_0.cus_pas_vc,c1_0.cus_pho_in,c1_0.cus_regis_date_dt from customer c1_0 where c1_0.cus_id_in=?
Hibernate: select c1_0.cus_id_in,c1_0.cus_add_vc,c1_0.cus_dni_vc,c1_0.cus_mail_vc,c1_0.cus_name,c1_0.cus_pas_vc,c1_0.cus_pho_in,c1_0.cus_regis_date_dt from customer c1_0 where c1_0.cus_id_in=?
Hibernate: select c1_0.cus_id_in,c1_0.cus_add_vc,c1_0.cus_dni_vc,c1_0.cus_mail_vc,c1_0.cus_name,c1_0.cus_pas_vc,c1_0.cus_pho_in,c1_0.cus_regis_date_dt from customer c1_0 where c1_0.cus_id_in=?
Hibernate: select rt1_0.res_id_in,rt1_0.tab_id_in,rt2_0.tab_id_in,rt2_0.tab_cap_in,rt2_0.tab_pri_do,rt2_0.tab_status_in from reservation_table rt1_0 left join res_table rt2_0 on rt2_0.tab_id_in=rt1_0.tab_id_in where rt1_0.res_id_in=?
Hibernate: select od1_0.res_id_in,od1_0.dis_id_in,d1_0.dis_id_in,d1_0.dis_des_vc,d1_0.dis_pri_do,d1_0.dis_tit_vc,od1_0.res_can_in from order_reservation od1_0 left join dish d1_0 on d1_0.dis_id_in=od1_0.dis_id_in where od1_0.res_id_in=?
Hibernate: select rt1_0.res_id_in,rt1_0.tab_id_in,rt2_0.tab_id_in,rt2_0.tab_cap_in,rt2_0.tab_pri_do,rt2_0.tab_status_in from reservation_table rt1_0 left join res_table rt2_0 on rt2_0.tab_id_in=rt1_0.tab_id_in where rt1_0.res_id_in=?
Hibernate: select od1_0.res_id_in,od1_0.dis_id_in,d1_0.dis_id_in,d1_0.dis_des_vc,d1_0.dis_pri_do,d1_0.dis_tit_vc,od1_0.res_can_in from order_reservation od1_0 left join dish d1_0 on d1_0.dis_id_in=od1_0.dis_id_in where od1_0.res_id_in=?
Hibernate: select rt1_0.res_id_in,rt1_0.tab_id_in,rt2_0.tab_id_in,rt2_0.tab_cap_in,rt2_0.tab_pri_do,rt2_0.tab_status_in from reservation_table rt1_0 left join res_table rt2_0 on rt2_0.tab_id_in=rt1_0.tab_id_in where rt1_0.res_id_in=?
Hibernate: select od1_0.res_id_in,od1_0.dis_id_in,d1_0.dis_id_in,d1_0.dis_des_vc,d1_0.dis_pri_do,d1_0.dis_tit_vc,od1_0.res_can_in from order_reservation od1_0 left join dish d1_0 on d1_0.dis_id_in=od1_0.dis_id_in where od1_0.res_id_in=?
Hibernate: select rt1_0.res_id_in,rt1_0.tab_id_in,rt2_0.tab_id_in,rt2_0.tab_cap_in,rt2_0.tab_pri_do,rt2_0.tab_status_in from reservation_table rt1_0 left join res_table rt2_0 on rt2_0.tab_id_in=rt1_0.tab_id_in where rt1_0.res_id_in=?
Hibernate: select od1_0.res_id_in,od1_0.dis_id_in,d1_0.dis_id_in,d1_0.dis_des_vc,d1_0.dis_pri_do,d1_0.dis_tit_vc,od1_0.res_can_in from order_reservation od1_0 left join dish d1_0 on d1_0.dis_id_in=od1_0.dis_id_in where od1_0.res_id_in=?
Hibernate: select rt1_0.res_id_in,rt1_0.tab_id_in,rt2_0.tab_id_in,rt2_0.tab_cap_in,rt2_0.tab_pri_do,rt2_0.tab_status_in from reservation_table rt1_0 left join res_table rt2_0 on rt2_0.tab_id_in=rt1_0.tab_id_in where rt1_0.res_id_in=?
Hibernate: select od1_0.res_id_in,od1_0.dis_id_in,d1_0.dis_id_in,d1_0.dis_des_vc,d1_0.dis_pri_do,d1_0.dis_tit_vc,od1_0.res_can_in from order_reservation od1_0 left join dish d1_0 on d1_0.dis_id_in=od1_0.dis_id_in where od1_0.res_id_in=?
Hibernate: select rt1_0.res_id_in,rt1_0.tab_id_in,rt2_0.tab_id_in,rt2_0.tab_cap_in,rt2_0.tab_pri_do,rt2_0.tab_status_in from reservation_table rt1_0 left join res_table rt2_0 on rt2_0.tab_id_in=rt1_0.tab_id_in where rt1_0.res_id_in=?
Hibernate: select od1_0.res_id_in,od1_0.dis_id_in,d1_0.dis_id_in,d1_0.dis_des_vc,d1_0.dis_pri_do,d1_0.dis_tit_vc,od1_0.res_can_in from order_reservation od1_0 left join dish d1_0 on d1_0.dis_id_in=od1_0.dis_id_in where od1_0.res_id_in=?
Hibernate: select rt1_0.res_id_in,rt1_0.tab_id_in,rt2_0.tab_id_in,rt2_0.tab_cap_in,rt2_0.tab_pri_do,rt2_0.tab_status_in from reservation_table rt1_0 left join res_table rt2_0 on rt2_0.tab_id_in=rt1_0.tab_id_in where rt1_0.res_id_in=?
Hibernate: select od1_0.res_id_in,od1_0.dis_id_in,d1_0.dis_id_in,d1_0.dis_des_vc,d1_0.dis_pri_do,d1_0.dis_tit_vc,od1_0.res_can_in from order_reservation od1_0 left join dish d1_0 on d1_0.dis_id_in=od1_0.dis_id_in where od1_0.res_id_in=?
Hibernate: select rt1_0.res_id_in,rt1_0.tab_id_in,rt2_0.tab_id_in,rt2_0.tab_cap_in,rt2_0.tab_pri_do,rt2_0.tab_status_in from reservation_table rt1_0 left join res_table rt2_0 on rt2_0.tab_id_in=rt1_0.tab_id_in where rt1_0.res_id_in=?
Hibernate: select od1_0.res_id_in,od1_0.dis_id_in,d1_0.dis_id_in,d1_0.dis_des_vc,d1_0.dis_pri_do,d1_0.dis_tit_vc,od1_0.res_can_in from order_reservation od1_0 left join dish d1_0 on d1_0.dis_id_in=od1_0.dis_id_in where od1_0.res_id_in=?
Hibernate: select rt1_0.res_id_in,rt1_0.tab_id_in,rt2_0.tab_id_in,rt2_0.tab_cap_in,rt2_0.tab_pri_do,rt2_0.tab_status_in from reservation_table rt1_0 left join res_table rt2_0 on rt2_0.tab_id_in=rt1_0.tab_id_in where rt1_0.res_id_in=?
Hibernate: select od1_0.res_id_in,od1_0.dis_id_in,d1_0.dis_id_in,d1_0.dis_des_vc,d1_0.dis_pri_do,d1_0.dis_tit_vc,od1_0.res_can_in from order_reservation od1_0 left join dish d1_0 on d1_0.dis_id_in=od1_0.dis_id_in where od1_0.res_id_in=?
Hibernate: select rt1_0.res_id_in,rt1_0.tab_id_in,rt2_0.tab_id_in,rt2_0.tab_cap_in,rt2_0.tab_pri_do,rt2_0.tab_status_in from reservation_table rt1_0 left join res_table rt2_0 on rt2_0.tab_id_in=rt1_0.tab_id_in where rt1_0.res_id_in=?
Hibernate: select od1_0.res_id_in,od1_0.dis_id_in,d1_0.dis_id_in,d1_0.dis_des_vc,d1_0.dis_pri_do,d1_0.dis_tit_vc,od1_0.res_can_in from order_reservation od1_0 left join dish d1_0 on d1_0.dis_id_in=od1_0.dis_id_in where od1_0.res_id_in=?
Hibernate: select rt1_0.res_id_in,rt1_0.tab_id_in,rt2_0.tab_id_in,rt2_0.tab_cap_in,rt2_0.tab_pri_do,rt2_0.tab_status_in from reservation_table rt1_0 left join res_table rt2_0 on rt2_0.tab_id_in=rt1_0.tab_id_in where rt1_0.res_id_in=?
Hibernate: select od1_0.res_id_in,od1_0.dis_id_in,d1_0.dis_id_in,d1_0.dis_des_vc,d1_0.dis_pri_do,d1_0.dis_tit_vc,od1_0.res_can_in from order_reservation od1_0 left join dish d1_0 on d1_0.dis_id_in=od1_0.dis_id_in where od1_0.res_id_in=?
Hibernate: select rt1_0.res_id_in,rt1_0.tab_id_in,rt2_0.tab_id_in,rt2_0.tab_cap_in,rt2_0.tab_pri_do,rt2_0.tab_status_in from reservation_table rt1_0 left join res_table rt2_0 on rt2_0.tab_id_in=rt1_0.tab_id_in where rt1_0.res_id_in=?
Hibernate: select od1_0.res_id_in,od1_0.dis_id_in,d1_0.dis_id_in,d1_0.dis_des_vc,d1_0.dis_pri_do,d1_0.dis_tit_vc,od1_0.res_can_in from order_reservation od1_0 left join dish d1_0 on d1_0.dis_id_in=od1_0.dis_id_in where od1_0.res_id_in=?
Hibernate: select r1_0.res_id_in,r1_0.res_cre_dt,c1_0.cus_id_in,c1_0.cus_add_vc,c1_0.cus_dni_vc,c1_0.cus_mail_vc,c1_0.cus_name,c1_0.cus_pas_vc,c1_0.cus_pho_in,c1_0.cus_regis_date_dt,r1_0.res_date_dt,r1_0.res_end_time_tm,r1_0.res_ges_num_in,r1_0.res_tok_vc,r1_0.res_sta_pay_bo,r1_0.res_price_tot_do,r1_0.res_start_time_tm,od1_0.res_id_in,od1_0.dis_id_in,d1_0.dis_id_in,d1_0.dis_des_vc,d1_0.dis_pri_do,d1_0.dis_tit_vc,od1_0.res_can_in from reservation r1_0 left join customer c1_0 on c1_0.cus_id_in=r1_0.customer_cus_id_in left join order_reservation od1_0 on r1_0.res_id_in=od1_0.res_id_in left join dish d1_0 on d1_0.dis_id_in=od1_0.dis_id_in where r1_0.res_id_in=?
Hibernate: select rt1_0.res_id_in,rt1_0.tab_id_in,rt2_0.tab_id_in,rt2_0.tab_cap_in,rt2_0.tab_pri_do,rt2_0.tab_status_in from reservation_table rt1_0 left join res_table rt2_0 on rt2_0.tab_id_in=rt1_0.tab_id_in where rt1_0.res_id_in=?
Hibernate: select rt1_0.tab_id_in,rt1_0.tab_cap_in,rt1_0.tab_pri_do,rt1_0.tab_status_in from res_table rt1_0 where rt1_0.tab_id_in=?
Payment deadline: 2024-09-29T19:58:34.578535 Current time: 2024-09-29T22:27:46.340636100
Hibernate: select r1_0.res_id_in,r1_0.res_cre_dt,c1_0.cus_id_in,c1_0.cus_add_vc,c1_0.cus_dni_vc,c1_0.cus_mail_vc,c1_0.cus_name,c1_0.cus_pas_vc,c1_0.cus_pho_in,c1_0.cus_regis_date_dt,r1_0.res_date_dt,r1_0.res_end_time_tm,r1_0.res_ges_num_in,r1_0.res_tok_vc,r1_0.res_sta_pay_bo,r1_0.res_price_tot_do,r1_0.res_start_time_tm,od1_0.res_id_in,od1_0.dis_id_in,d1_0.dis_id_in,d1_0.dis_des_vc,d1_0.dis_pri_do,d1_0.dis_tit_vc,od1_0.res_can_in from reservation r1_0 left join customer c1_0 on c1_0.cus_id_in=r1_0.customer_cus_id_in left join order_reservation od1_0 on r1_0.res_id_in=od1_0.res_id_in left join dish d1_0 on d1_0.dis_id_in=od1_0.dis_id_in where r1_0.res_id_in=?
Hibernate: select rt1_0.res_id_in,rt1_0.tab_id_in,rt2_0.tab_id_in,rt2_0.tab_cap_in,rt2_0.tab_pri_do,rt2_0.tab_status_in from reservation_table rt1_0 left join res_table rt2_0 on rt2_0.tab_id_in=rt1_0.tab_id_in where rt1_0.res_id_in=?
Hibernate: select rt1_0.tab_id_in,rt1_0.tab_cap_in,rt1_0.tab_pri_do,rt1_0.tab_status_in from res_table rt1_0 where rt1_0.tab_id_in=?
Payment deadline: 2024-09-29T20:02:51.636549 Current time: 2024-09-29T22:27:46.352637800
Hibernate: select r1_0.res_id_in,r1_0.res_cre_dt,c1_0.cus_id_in,c1_0.cus_add_vc,c1_0.cus_dni_vc,c1_0.cus_mail_vc,c1_0.cus_name,c1_0.cus_pas_vc,c1_0.cus_pho_in,c1_0.cus_regis_date_dt,r1_0.res_date_dt,r1_0.res_end_time_tm,r1_0.res_ges_num_in,r1_0.res_tok_vc,r1_0.res_sta_pay_bo,r1_0.res_price_tot_do,r1_0.res_start_time_tm,od1_0.res_id_in,od1_0.dis_id_in,d1_0.dis_id_in,d1_0.dis_des_vc,d1_0.dis_pri_do,d1_0.dis_tit_vc,od1_0.res_can_in from reservation r1_0 left join customer c1_0 on c1_0.cus_id_in=r1_0.customer_cus_id_in left join order_reservation od1_0 on r1_0.res_id_in=od1_0.res_id_in left join dish d1_0 on d1_0.dis_id_in=od1_0.dis_id_in where r1_0.res_id_in=?
Hibernate: select rt1_0.res_id_in,rt1_0.tab_id_in,rt2_0.tab_id_in,rt2_0.tab_cap_in,rt2_0.tab_pri_do,rt2_0.tab_status_in from reservation_table rt1_0 left join res_table rt2_0 on rt2_0.tab_id_in=rt1_0.tab_id_in where rt1_0.res_id_in=?
Hibernate: select rt1_0.tab_id_in,rt1_0.tab_cap_in,rt1_0.tab_pri_do,rt1_0.tab_status_in from res_table rt1_0 where rt1_0.tab_id_in=?
Hibernate: select rt1_0.tab_id_in,rt1_0.tab_cap_in,rt1_0.tab_pri_do,rt1_0.tab_status_in from res_table rt1_0 where rt1_0.tab_id_in=?
Payment deadline: 2024-09-29T19:10:51.781698 Current time: 2024-09-29T22:27:46.367633900
Hibernate: select r1_0.res_id_in,r1_0.res_cre_dt,c1_0.cus_id_in,c1_0.cus_add_vc,c1_0.cus_dni_vc,c1_0.cus_mail_vc,c1_0.cus_name,c1_0.cus_pas_vc,c1_0.cus_pho_in,c1_0.cus_regis_date_dt,r1_0.res_date_dt,r1_0.res_end_time_tm,r1_0.res_ges_num_in,r1_0.res_tok_vc,r1_0.res_sta_pay_bo,r1_0.res_price_tot_do,r1_0.res_start_time_tm,od1_0.res_id_in,od1_0.dis_id_in,d1_0.dis_id_in,d1_0.dis_des_vc,d1_0.dis_pri_do,d1_0.dis_tit_vc,od1_0.res_can_in from reservation r1_0 left join customer c1_0 on c1_0.cus_id_in=r1_0.customer_cus_id_in left join order_reservation od1_0 on r1_0.res_id_in=od1_0.res_id_in left join dish d1_0 on d1_0.dis_id_in=od1_0.dis_id_in where r1_0.res_id_in=?
Hibernate: select rt1_0.res_id_in,rt1_0.tab_id_in,rt2_0.tab_id_in,rt2_0.tab_cap_in,rt2_0.tab_pri_do,rt2_0.tab_status_in from reservation_table rt1_0 left join res_table rt2_0 on rt2_0.tab_id_in=rt1_0.tab_id_in where rt1_0.res_id_in=?
Hibernate: select rt1_0.tab_id_in,rt1_0.tab_cap_in,rt1_0.tab_pri_do,rt1_0.tab_status_in from res_table rt1_0 where rt1_0.tab_id_in=?
Payment deadline: 2024-09-29T20:11:15.227489 Current time: 2024-09-29T22:27:46.374635300
Hibernate: select r1_0.res_id_in,r1_0.res_cre_dt,c1_0.cus_id_in,c1_0.cus_add_vc,c1_0.cus_dni_vc,c1_0.cus_mail_vc,c1_0.cus_name,c1_0.cus_pas_vc,c1_0.cus_pho_in,c1_0.cus_regis_date_dt,r1_0.res_date_dt,r1_0.res_end_time_tm,r1_0.res_ges_num_in,r1_0.res_tok_vc,r1_0.res_sta_pay_bo,r1_0.res_price_tot_do,r1_0.res_start_time_tm,od1_0.res_id_in,od1_0.dis_id_in,d1_0.dis_id_in,d1_0.dis_des_vc,d1_0.dis_pri_do,d1_0.dis_tit_vc,od1_0.res_can_in from reservation r1_0 left join customer c1_0 on c1_0.cus_id_in=r1_0.customer_cus_id_in left join order_reservation od1_0 on r1_0.res_id_in=od1_0.res_id_in left join dish d1_0 on d1_0.dis_id_in=od1_0.dis_id_in where r1_0.res_id_in=?
Hibernate: select rt1_0.res_id_in,rt1_0.tab_id_in,rt2_0.tab_id_in,rt2_0.tab_cap_in,rt2_0.tab_pri_do,rt2_0.tab_status_in from reservation_table rt1_0 left join res_table rt2_0 on rt2_0.tab_id_in=rt1_0.tab_id_in where rt1_0.res_id_in=?
Hibernate: select rt1_0.tab_id_in,rt1_0.tab_cap_in,rt1_0.tab_pri_do,rt1_0.tab_status_in from res_table rt1_0 where rt1_0.tab_id_in=?
Payment deadline: 2024-09-29T20:28:04.882076 Current time: 2024-09-29T22:27:46.383649100
Hibernate: select r1_0.res_id_in,r1_0.res_cre_dt,c1_0.cus_id_in,c1_0.cus_add_vc,c1_0.cus_dni_vc,c1_0.cus_mail_vc,c1_0.cus_name,c1_0.cus_pas_vc,c1_0.cus_pho_in,c1_0.cus_regis_date_dt,r1_0.res_date_dt,r1_0.res_end_time_tm,r1_0.res_ges_num_in,r1_0.res_tok_vc,r1_0.res_sta_pay_bo,r1_0.res_price_tot_do,r1_0.res_start_time_tm,od1_0.res_id_in,od1_0.dis_id_in,d1_0.dis_id_in,d1_0.dis_des_vc,d1_0.dis_pri_do,d1_0.dis_tit_vc,od1_0.res_can_in from reservation r1_0 left join customer c1_0 on c1_0.cus_id_in=r1_0.customer_cus_id_in left join order_reservation od1_0 on r1_0.res_id_in=od1_0.res_id_in left join dish d1_0 on d1_0.dis_id_in=od1_0.dis_id_in where r1_0.res_id_in=?
Hibernate: select rt1_0.res_id_in,rt1_0.tab_id_in,rt2_0.tab_id_in,rt2_0.tab_cap_in,rt2_0.tab_pri_do,rt2_0.tab_status_in from reservation_table rt1_0 left join res_table rt2_0 on rt2_0.tab_id_in=rt1_0.tab_id_in where rt1_0.res_id_in=?
Hibernate: select rt1_0.tab_id_in,rt1_0.tab_cap_in,rt1_0.tab_pri_do,rt1_0.tab_status_in from res_table rt1_0 where rt1_0.tab_id_in=?
Payment deadline: 2024-09-29T20:37:26.159831 Current time: 2024-09-29T22:27:46.393633500
Hibernate: select r1_0.res_id_in,r1_0.res_cre_dt,c1_0.cus_id_in,c1_0.cus_add_vc,c1_0.cus_dni_vc,c1_0.cus_mail_vc,c1_0.cus_name,c1_0.cus_pas_vc,c1_0.cus_pho_in,c1_0.cus_regis_date_dt,r1_0.res_date_dt,r1_0.res_end_time_tm,r1_0.res_ges_num_in,r1_0.res_tok_vc,r1_0.res_sta_pay_bo,r1_0.res_price_tot_do,r1_0.res_start_time_tm,od1_0.res_id_in,od1_0.dis_id_in,d1_0.dis_id_in,d1_0.dis_des_vc,d1_0.dis_pri_do,d1_0.dis_tit_vc,od1_0.res_can_in from reservation r1_0 left join customer c1_0 on c1_0.cus_id_in=r1_0.customer_cus_id_in left join order_reservation od1_0 on r1_0.res_id_in=od1_0.res_id_in left join dish d1_0 on d1_0.dis_id_in=od1_0.dis_id_in where r1_0.res_id_in=?
Hibernate: select rt1_0.res_id_in,rt1_0.tab_id_in,rt2_0.tab_id_in,rt2_0.tab_cap_in,rt2_0.tab_pri_do,rt2_0.tab_status_in from reservation_table rt1_0 left join res_table rt2_0 on rt2_0.tab_id_in=rt1_0.tab_id_in where rt1_0.res_id_in=?
Hibernate: select rt1_0.tab_id_in,rt1_0.tab_cap_in,rt1_0.tab_pri_do,rt1_0.tab_status_in from res_table rt1_0 where rt1_0.tab_id_in=?
Payment deadline: 2024-09-29T19:18:10.188182 Current time: 2024-09-29T22:27:46.401634900
Hibernate: select r1_0.res_id_in,r1_0.res_cre_dt,c1_0.cus_id_in,c1_0.cus_add_vc,c1_0.cus_dni_vc,c1_0.cus_mail_vc,c1_0.cus_name,c1_0.cus_pas_vc,c1_0.cus_pho_in,c1_0.cus_regis_date_dt,r1_0.res_date_dt,r1_0.res_end_time_tm,r1_0.res_ges_num_in,r1_0.res_tok_vc,r1_0.res_sta_pay_bo,r1_0.res_price_tot_do,r1_0.res_start_time_tm,od1_0.res_id_in,od1_0.dis_id_in,d1_0.dis_id_in,d1_0.dis_des_vc,d1_0.dis_pri_do,d1_0.dis_tit_vc,od1_0.res_can_in from reservation r1_0 left join customer c1_0 on c1_0.cus_id_in=r1_0.customer_cus_id_in left join order_reservation od1_0 on r1_0.res_id_in=od1_0.res_id_in left join dish d1_0 on d1_0.dis_id_in=od1_0.dis_id_in where r1_0.res_id_in=?
Hibernate: select rt1_0.res_id_in,rt1_0.tab_id_in,rt2_0.tab_id_in,rt2_0.tab_cap_in,rt2_0.tab_pri_do,rt2_0.tab_status_in from reservation_table rt1_0 left join res_table rt2_0 on rt2_0.tab_id_in=rt1_0.tab_id_in where rt1_0.res_id_in=?
Hibernate: select rt1_0.tab_id_in,rt1_0.tab_cap_in,rt1_0.tab_pri_do,rt1_0.tab_status_in from res_table rt1_0 where rt1_0.tab_id_in=?
Payment deadline: 2024-09-29T20:42:56.810487 Current time: 2024-09-29T22:27:46.410642600
Hibernate: select r1_0.res_id_in,r1_0.res_cre_dt,c1_0.cus_id_in,c1_0.cus_add_vc,c1_0.cus_dni_vc,c1_0.cus_mail_vc,c1_0.cus_name,c1_0.cus_pas_vc,c1_0.cus_pho_in,c1_0.cus_regis_date_dt,r1_0.res_date_dt,r1_0.res_end_time_tm,r1_0.res_ges_num_in,r1_0.res_tok_vc,r1_0.res_sta_pay_bo,r1_0.res_price_tot_do,r1_0.res_start_time_tm,od1_0.res_id_in,od1_0.dis_id_in,d1_0.dis_id_in,d1_0.dis_des_vc,d1_0.dis_pri_do,d1_0.dis_tit_vc,od1_0.res_can_in from reservation r1_0 left join customer c1_0 on c1_0.cus_id_in=r1_0.customer_cus_id_in left join order_reservation od1_0 on r1_0.res_id_in=od1_0.res_id_in left join dish d1_0 on d1_0.dis_id_in=od1_0.dis_id_in where r1_0.res_id_in=?
Hibernate: select rt1_0.res_id_in,rt1_0.tab_id_in,rt2_0.tab_id_in,rt2_0.tab_cap_in,rt2_0.tab_pri_do,rt2_0.tab_status_in from reservation_table rt1_0 left join res_table rt2_0 on rt2_0.tab_id_in=rt1_0.tab_id_in where rt1_0.res_id_in=?
Hibernate: select rt1_0.tab_id_in,rt1_0.tab_cap_in,rt1_0.tab_pri_do,rt1_0.tab_status_in from res_table rt1_0 where rt1_0.tab_id_in=?
Payment deadline: 2024-09-29T18:57:19.950377 Current time: 2024-09-29T22:27:46.421635200
Hibernate: select r1_0.res_id_in,r1_0.res_cre_dt,c1_0.cus_id_in,c1_0.cus_add_vc,c1_0.cus_dni_vc,c1_0.cus_mail_vc,c1_0.cus_name,c1_0.cus_pas_vc,c1_0.cus_pho_in,c1_0.cus_regis_date_dt,r1_0.res_date_dt,r1_0.res_end_time_tm,r1_0.res_ges_num_in,r1_0.res_tok_vc,r1_0.res_sta_pay_bo,r1_0.res_price_tot_do,r1_0.res_start_time_tm,od1_0.res_id_in,od1_0.dis_id_in,d1_0.dis_id_in,d1_0.dis_des_vc,d1_0.dis_pri_do,d1_0.dis_tit_vc,od1_0.res_can_in from reservation r1_0 left join customer c1_0 on c1_0.cus_id_in=r1_0.customer_cus_id_in left join order_reservation od1_0 on r1_0.res_id_in=od1_0.res_id_in left join dish d1_0 on d1_0.dis_id_in=od1_0.dis_id_in where r1_0.res_id_in=?
Hibernate: select rt1_0.res_id_in,rt1_0.tab_id_in,rt2_0.tab_id_in,rt2_0.tab_cap_in,rt2_0.tab_pri_do,rt2_0.tab_status_in from reservation_table rt1_0 left join res_table rt2_0 on rt2_0.tab_id_in=rt1_0.tab_id_in where rt1_0.res_id_in=?
Hibernate: select rt1_0.tab_id_in,rt1_0.tab_cap_in,rt1_0.tab_pri_do,rt1_0.tab_status_in from res_table rt1_0 where rt1_0.tab_id_in=?
Payment deadline: 2024-09-29T21:54:27.662055 Current time: 2024-09-29T22:27:46.430634300
Hibernate: select r1_0.res_id_in,r1_0.res_cre_dt,c1_0.cus_id_in,c1_0.cus_add_vc,c1_0.cus_dni_vc,c1_0.cus_mail_vc,c1_0.cus_name,c1_0.cus_pas_vc,c1_0.cus_pho_in,c1_0.cus_regis_date_dt,r1_0.res_date_dt,r1_0.res_end_time_tm,r1_0.res_ges_num_in,r1_0.res_tok_vc,r1_0.res_sta_pay_bo,r1_0.res_price_tot_do,r1_0.res_start_time_tm,od1_0.res_id_in,od1_0.dis_id_in,d1_0.dis_id_in,d1_0.dis_des_vc,d1_0.dis_pri_do,d1_0.dis_tit_vc,od1_0.res_can_in from reservation r1_0 left join customer c1_0 on c1_0.cus_id_in=r1_0.customer_cus_id_in left join order_reservation od1_0 on r1_0.res_id_in=od1_0.res_id_in left join dish d1_0 on d1_0.dis_id_in=od1_0.dis_id_in where r1_0.res_id_in=?
Hibernate: select rt1_0.res_id_in,rt1_0.tab_id_in,rt2_0.tab_id_in,rt2_0.tab_cap_in,rt2_0.tab_pri_do,rt2_0.tab_status_in from reservation_table rt1_0 left join res_table rt2_0 on rt2_0.tab_id_in=rt1_0.tab_id_in where rt1_0.res_id_in=?
Hibernate: select rt1_0.tab_id_in,rt1_0.tab_cap_in,rt1_0.tab_pri_do,rt1_0.tab_status_in from res_table rt1_0 where rt1_0.tab_id_in=?
Payment deadline: 2024-09-29T19:51:04.610101 Current time: 2024-09-29T22:27:46.438636900
Hibernate: select r1_0.res_id_in,r1_0.res_cre_dt,c1_0.cus_id_in,c1_0.cus_add_vc,c1_0.cus_dni_vc,c1_0.cus_mail_vc,c1_0.cus_name,c1_0.cus_pas_vc,c1_0.cus_pho_in,c1_0.cus_regis_date_dt,r1_0.res_date_dt,r1_0.res_end_time_tm,r1_0.res_ges_num_in,r1_0.res_tok_vc,r1_0.res_sta_pay_bo,r1_0.res_price_tot_do,r1_0.res_start_time_tm,od1_0.res_id_in,od1_0.dis_id_in,d1_0.dis_id_in,d1_0.dis_des_vc,d1_0.dis_pri_do,d1_0.dis_tit_vc,od1_0.res_can_in from reservation r1_0 left join customer c1_0 on c1_0.cus_id_in=r1_0.customer_cus_id_in left join order_reservation od1_0 on r1_0.res_id_in=od1_0.res_id_in left join dish d1_0 on d1_0.dis_id_in=od1_0.dis_id_in where r1_0.res_id_in=?
Hibernate: select rt1_0.res_id_in,rt1_0.tab_id_in,rt2_0.tab_id_in,rt2_0.tab_cap_in,rt2_0.tab_pri_do,rt2_0.tab_status_in from reservation_table rt1_0 left join res_table rt2_0 on rt2_0.tab_id_in=rt1_0.tab_id_in where rt1_0.res_id_in=?
Hibernate: select rt1_0.tab_id_in,rt1_0.tab_cap_in,rt1_0.tab_pri_do,rt1_0.tab_status_in from res_table rt1_0 where rt1_0.tab_id_in=?
Payment deadline: 2024-09-29T21:58:05.500082 Current time: 2024-09-29T22:27:46.447637700
Hibernate: select r1_0.res_id_in,r1_0.res_cre_dt,r1_0.customer_cus_id_in,r1_0.res_date_dt,r1_0.res_end_time_tm,r1_0.res_ges_num_in,r1_0.res_tok_vc,r1_0.res_sta_pay_bo,r1_0.res_price_tot_do,r1_0.res_start_time_tm from reservation r1_0 where r1_0.res_end_time_tm<?
Hibernate: select c1_0.cus_id_in,c1_0.cus_add_vc,c1_0.cus_dni_vc,c1_0.cus_mail_vc,c1_0.cus_name,c1_0.cus_pas_vc,c1_0.cus_pho_in,c1_0.cus_regis_date_dt from customer c1_0 where c1_0.cus_id_in=?
Hibernate: select c1_0.cus_id_in,c1_0.cus_add_vc,c1_0.cus_dni_vc,c1_0.cus_mail_vc,c1_0.cus_name,c1_0.cus_pas_vc,c1_0.cus_pho_in,c1_0.cus_regis_date_dt from customer c1_0 where c1_0.cus_id_in=?
Hibernate: select c1_0.cus_id_in,c1_0.cus_add_vc,c1_0.cus_dni_vc,c1_0.cus_mail_vc,c1_0.cus_name,c1_0.cus_pas_vc,c1_0.cus_pho_in,c1_0.cus_regis_date_dt from customer c1_0 where c1_0.cus_id_in=?
Hibernate: select c1_0.cus_id_in,c1_0.cus_add_vc,c1_0.cus_dni_vc,c1_0.cus_mail_vc,c1_0.cus_name,c1_0.cus_pas_vc,c1_0.cus_pho_in,c1_0.cus_regis_date_dt from customer c1_0 where c1_0.cus_id_in=?
Hibernate: select c1_0.cus_id_in,c1_0.cus_add_vc,c1_0.cus_dni_vc,c1_0.cus_mail_vc,c1_0.cus_name,c1_0.cus_pas_vc,c1_0.cus_pho_in,c1_0.cus_regis_date_dt from customer c1_0 where c1_0.cus_id_in=?
Hibernate: select c1_0.cus_id_in,c1_0.cus_add_vc,c1_0.cus_dni_vc,c1_0.cus_mail_vc,c1_0.cus_name,c1_0.cus_pas_vc,c1_0.cus_pho_in,c1_0.cus_regis_date_dt from customer c1_0 where c1_0.cus_id_in=?
Hibernate: select c1_0.cus_id_in,c1_0.cus_add_vc,c1_0.cus_dni_vc,c1_0.cus_mail_vc,c1_0.cus_name,c1_0.cus_pas_vc,c1_0.cus_pho_in,c1_0.cus_regis_date_dt from customer c1_0 where c1_0.cus_id_in=?
Hibernate: select c1_0.cus_id_in,c1_0.cus_add_vc,c1_0.cus_dni_vc,c1_0.cus_mail_vc,c1_0.cus_name,c1_0.cus_pas_vc,c1_0.cus_pho_in,c1_0.cus_regis_date_dt from customer c1_0 where c1_0.cus_id_in=?
Hibernate: select c1_0.cus_id_in,c1_0.cus_add_vc,c1_0.cus_dni_vc,c1_0.cus_mail_vc,c1_0.cus_name,c1_0.cus_pas_vc,c1_0.cus_pho_in,c1_0.cus_regis_date_dt from customer c1_0 where c1_0.cus_id_in=?
Hibernate: select c1_0.cus_id_in,c1_0.cus_add_vc,c1_0.cus_dni_vc,c1_0.cus_mail_vc,c1_0.cus_name,c1_0.cus_pas_vc,c1_0.cus_pho_in,c1_0.cus_regis_date_dt from customer c1_0 where c1_0.cus_id_in=?
Hibernate: select c1_0.cus_id_in,c1_0.cus_add_vc,c1_0.cus_dni_vc,c1_0.cus_mail_vc,c1_0.cus_name,c1_0.cus_pas_vc,c1_0.cus_pho_in,c1_0.cus_regis_date_dt from customer c1_0 where c1_0.cus_id_in=?
Hibernate: select c1_0.cus_id_in,c1_0.cus_add_vc,c1_0.cus_dni_vc,c1_0.cus_mail_vc,c1_0.cus_name,c1_0.cus_pas_vc,c1_0.cus_pho_in,c1_0.cus_regis_date_dt from customer c1_0 where c1_0.cus_id_in=?
Hibernate: select rt1_0.res_id_in,rt1_0.tab_id_in,rt2_0.tab_id_in,rt2_0.tab_cap_in,rt2_0.tab_pri_do,rt2_0.tab_status_in from reservation_table rt1_0 left join res_table rt2_0 on rt2_0.tab_id_in=rt1_0.tab_id_in where rt1_0.res_id_in=?
Hibernate: select od1_0.res_id_in,od1_0.dis_id_in,d1_0.dis_id_in,d1_0.dis_des_vc,d1_0.dis_pri_do,d1_0.dis_tit_vc,od1_0.res_can_in from order_reservation od1_0 left join dish d1_0 on d1_0.dis_id_in=od1_0.dis_id_in where od1_0.res_id_in=?
Hibernate: select rt1_0.res_id_in,rt1_0.tab_id_in,rt2_0.tab_id_in,rt2_0.tab_cap_in,rt2_0.tab_pri_do,rt2_0.tab_status_in from reservation_table rt1_0 left join res_table rt2_0 on rt2_0.tab_id_in=rt1_0.tab_id_in where rt1_0.res_id_in=?
Hibernate: select od1_0.res_id_in,od1_0.dis_id_in,d1_0.dis_id_in,d1_0.dis_des_vc,d1_0.dis_pri_do,d1_0.dis_tit_vc,od1_0.res_can_in from order_reservation od1_0 left join dish d1_0 on d1_0.dis_id_in=od1_0.dis_id_in where od1_0.res_id_in=?
Hibernate: select rt1_0.res_id_in,rt1_0.tab_id_in,rt2_0.tab_id_in,rt2_0.tab_cap_in,rt2_0.tab_pri_do,rt2_0.tab_status_in from reservation_table rt1_0 left join res_table rt2_0 on rt2_0.tab_id_in=rt1_0.tab_id_in where rt1_0.res_id_in=?
Hibernate: select od1_0.res_id_in,od1_0.dis_id_in,d1_0.dis_id_in,d1_0.dis_des_vc,d1_0.dis_pri_do,d1_0.dis_tit_vc,od1_0.res_can_in from order_reservation od1_0 left join dish d1_0 on d1_0.dis_id_in=od1_0.dis_id_in where od1_0.res_id_in=?
Hibernate: select rt1_0.res_id_in,rt1_0.tab_id_in,rt2_0.tab_id_in,rt2_0.tab_cap_in,rt2_0.tab_pri_do,rt2_0.tab_status_in from reservation_table rt1_0 left join res_table rt2_0 on rt2_0.tab_id_in=rt1_0.tab_id_in where rt1_0.res_id_in=?
Hibernate: select od1_0.res_id_in,od1_0.dis_id_in,d1_0.dis_id_in,d1_0.dis_des_vc,d1_0.dis_pri_do,d1_0.dis_tit_vc,od1_0.res_can_in from order_reservation od1_0 left join dish d1_0 on d1_0.dis_id_in=od1_0.dis_id_in where od1_0.res_id_in=?
Hibernate: select rt1_0.res_id_in,rt1_0.tab_id_in,rt2_0.tab_id_in,rt2_0.tab_cap_in,rt2_0.tab_pri_do,rt2_0.tab_status_in from reservation_table rt1_0 left join res_table rt2_0 on rt2_0.tab_id_in=rt1_0.tab_id_in where rt1_0.res_id_in=?
Hibernate: select od1_0.res_id_in,od1_0.dis_id_in,d1_0.dis_id_in,d1_0.dis_des_vc,d1_0.dis_pri_do,d1_0.dis_tit_vc,od1_0.res_can_in from order_reservation od1_0 left join dish d1_0 on d1_0.dis_id_in=od1_0.dis_id_in where od1_0.res_id_in=?
Hibernate: select rt1_0.res_id_in,rt1_0.tab_id_in,rt2_0.tab_id_in,rt2_0.tab_cap_in,rt2_0.tab_pri_do,rt2_0.tab_status_in from reservation_table rt1_0 left join res_table rt2_0 on rt2_0.tab_id_in=rt1_0.tab_id_in where rt1_0.res_id_in=?
Hibernate: select od1_0.res_id_in,od1_0.dis_id_in,d1_0.dis_id_in,d1_0.dis_des_vc,d1_0.dis_pri_do,d1_0.dis_tit_vc,od1_0.res_can_in from order_reservation od1_0 left join dish d1_0 on d1_0.dis_id_in=od1_0.dis_id_in where od1_0.res_id_in=?
Hibernate: select rt1_0.res_id_in,rt1_0.tab_id_in,rt2_0.tab_id_in,rt2_0.tab_cap_in,rt2_0.tab_pri_do,rt2_0.tab_status_in from reservation_table rt1_0 left join res_table rt2_0 on rt2_0.tab_id_in=rt1_0.tab_id_in where rt1_0.res_id_in=?
Hibernate: select od1_0.res_id_in,od1_0.dis_id_in,d1_0.dis_id_in,d1_0.dis_des_vc,d1_0.dis_pri_do,d1_0.dis_tit_vc,od1_0.res_can_in from order_reservation od1_0 left join dish d1_0 on d1_0.dis_id_in=od1_0.dis_id_in where od1_0.res_id_in=?
Hibernate: select rt1_0.res_id_in,rt1_0.tab_id_in,rt2_0.tab_id_in,rt2_0.tab_cap_in,rt2_0.tab_pri_do,rt2_0.tab_status_in from reservation_table rt1_0 left join res_table rt2_0 on rt2_0.tab_id_in=rt1_0.tab_id_in where rt1_0.res_id_in=?
Hibernate: select od1_0.res_id_in,od1_0.dis_id_in,d1_0.dis_id_in,d1_0.dis_des_vc,d1_0.dis_pri_do,d1_0.dis_tit_vc,od1_0.res_can_in from order_reservation od1_0 left join dish d1_0 on d1_0.dis_id_in=od1_0.dis_id_in where od1_0.res_id_in=?
Hibernate: select rt1_0.res_id_in,rt1_0.tab_id_in,rt2_0.tab_id_in,rt2_0.tab_cap_in,rt2_0.tab_pri_do,rt2_0.tab_status_in from reservation_table rt1_0 left join res_table rt2_0 on rt2_0.tab_id_in=rt1_0.tab_id_in where rt1_0.res_id_in=?
Hibernate: select od1_0.res_id_in,od1_0.dis_id_in,d1_0.dis_id_in,d1_0.dis_des_vc,d1_0.dis_pri_do,d1_0.dis_tit_vc,od1_0.res_can_in from order_reservation od1_0 left join dish d1_0 on d1_0.dis_id_in=od1_0.dis_id_in where od1_0.res_id_in=?
Hibernate: select rt1_0.res_id_in,rt1_0.tab_id_in,rt2_0.tab_id_in,rt2_0.tab_cap_in,rt2_0.tab_pri_do,rt2_0.tab_status_in from reservation_table rt1_0 left join res_table rt2_0 on rt2_0.tab_id_in=rt1_0.tab_id_in where rt1_0.res_id_in=?
Hibernate: select od1_0.res_id_in,od1_0.dis_id_in,d1_0.dis_id_in,d1_0.dis_des_vc,d1_0.dis_pri_do,d1_0.dis_tit_vc,od1_0.res_can_in from order_reservation od1_0 left join dish d1_0 on d1_0.dis_id_in=od1_0.dis_id_in where od1_0.res_id_in=?
Hibernate: select rt1_0.res_id_in,rt1_0.tab_id_in,rt2_0.tab_id_in,rt2_0.tab_cap_in,rt2_0.tab_pri_do,rt2_0.tab_status_in from reservation_table rt1_0 left join res_table rt2_0 on rt2_0.tab_id_in=rt1_0.tab_id_in where rt1_0.res_id_in=?
Hibernate: select od1_0.res_id_in,od1_0.dis_id_in,d1_0.dis_id_in,d1_0.dis_des_vc,d1_0.dis_pri_do,d1_0.dis_tit_vc,od1_0.res_can_in from order_reservation od1_0 left join dish d1_0 on d1_0.dis_id_in=od1_0.dis_id_in where od1_0.res_id_in=?
Hibernate: select rt1_0.res_id_in,rt1_0.tab_id_in,rt2_0.tab_id_in,rt2_0.tab_cap_in,rt2_0.tab_pri_do,rt2_0.tab_status_in from reservation_table rt1_0 left join res_table rt2_0 on rt2_0.tab_id_in=rt1_0.tab_id_in where rt1_0.res_id_in=?
Hibernate: select od1_0.res_id_in,od1_0.dis_id_in,d1_0.dis_id_in,d1_0.dis_des_vc,d1_0.dis_pri_do,d1_0.dis_tit_vc,od1_0.res_can_in from order_reservation od1_0 left join dish d1_0 on d1_0.dis_id_in=od1_0.dis_id_in where od1_0.res_id_in=?
Hibernate: select r1_0.res_id_in,r1_0.res_cre_dt,c1_0.cus_id_in,c1_0.cus_add_vc,c1_0.cus_dni_vc,c1_0.cus_mail_vc,c1_0.cus_name,c1_0.cus_pas_vc,c1_0.cus_pho_in,c1_0.cus_regis_date_dt,r1_0.res_date_dt,r1_0.res_end_time_tm,r1_0.res_ges_num_in,r1_0.res_tok_vc,r1_0.res_sta_pay_bo,r1_0.res_price_tot_do,r1_0.res_start_time_tm,od1_0.res_id_in,od1_0.dis_id_in,d1_0.dis_id_in,d1_0.dis_des_vc,d1_0.dis_pri_do,d1_0.dis_tit_vc,od1_0.res_can_in from reservation r1_0 left join customer c1_0 on c1_0.cus_id_in=r1_0.customer_cus_id_in left join order_reservation od1_0 on r1_0.res_id_in=od1_0.res_id_in left join dish d1_0 on d1_0.dis_id_in=od1_0.dis_id_in where r1_0.res_id_in=?
Hibernate: select rt1_0.res_id_in,rt1_0.tab_id_in,rt2_0.tab_id_in,rt2_0.tab_cap_in,rt2_0.tab_pri_do,rt2_0.tab_status_in from reservation_table rt1_0 left join res_table rt2_0 on rt2_0.tab_id_in=rt1_0.tab_id_in where rt1_0.res_id_in=?
Hibernate: select rt1_0.tab_id_in,rt1_0.tab_cap_in,rt1_0.tab_pri_do,rt1_0.tab_status_in from res_table rt1_0 where rt1_0.tab_id_in=?
Payment deadline: 2024-09-29T19:58:34.578535 Current time: 2024-09-29T22:27:46.536635700
Hibernate: select r1_0.res_id_in,r1_0.res_cre_dt,c1_0.cus_id_in,c1_0.cus_add_vc,c1_0.cus_dni_vc,c1_0.cus_mail_vc,c1_0.cus_name,c1_0.cus_pas_vc,c1_0.cus_pho_in,c1_0.cus_regis_date_dt,r1_0.res_date_dt,r1_0.res_end_time_tm,r1_0.res_ges_num_in,r1_0.res_tok_vc,r1_0.res_sta_pay_bo,r1_0.res_price_tot_do,r1_0.res_start_time_tm,od1_0.res_id_in,od1_0.dis_id_in,d1_0.dis_id_in,d1_0.dis_des_vc,d1_0.dis_pri_do,d1_0.dis_tit_vc,od1_0.res_can_in from reservation r1_0 left join customer c1_0 on c1_0.cus_id_in=r1_0.customer_cus_id_in left join order_reservation od1_0 on r1_0.res_id_in=od1_0.res_id_in left join dish d1_0 on d1_0.dis_id_in=od1_0.dis_id_in where r1_0.res_id_in=?
Hibernate: select rt1_0.res_id_in,rt1_0.tab_id_in,rt2_0.tab_id_in,rt2_0.tab_cap_in,rt2_0.tab_pri_do,rt2_0.tab_status_in from reservation_table rt1_0 left join res_table rt2_0 on rt2_0.tab_id_in=rt1_0.tab_id_in where rt1_0.res_id_in=?
Hibernate: select rt1_0.tab_id_in,rt1_0.tab_cap_in,rt1_0.tab_pri_do,rt1_0.tab_status_in from res_table rt1_0 where rt1_0.tab_id_in=?
Payment deadline: 2024-09-29T20:02:51.636549 Current time: 2024-09-29T22:27:46.545633200
Hibernate: select r1_0.res_id_in,r1_0.res_cre_dt,c1_0.cus_id_in,c1_0.cus_add_vc,c1_0.cus_dni_vc,c1_0.cus_mail_vc,c1_0.cus_name,c1_0.cus_pas_vc,c1_0.cus_pho_in,c1_0.cus_regis_date_dt,r1_0.res_date_dt,r1_0.res_end_time_tm,r1_0.res_ges_num_in,r1_0.res_tok_vc,r1_0.res_sta_pay_bo,r1_0.res_price_tot_do,r1_0.res_start_time_tm,od1_0.res_id_in,od1_0.dis_id_in,d1_0.dis_id_in,d1_0.dis_des_vc,d1_0.dis_pri_do,d1_0.dis_tit_vc,od1_0.res_can_in from reservation r1_0 left join customer c1_0 on c1_0.cus_id_in=r1_0.customer_cus_id_in left join order_reservation od1_0 on r1_0.res_id_in=od1_0.res_id_in left join dish d1_0 on d1_0.dis_id_in=od1_0.dis_id_in where r1_0.res_id_in=?
Hibernate: select rt1_0.res_id_in,rt1_0.tab_id_in,rt2_0.tab_id_in,rt2_0.tab_cap_in,rt2_0.tab_pri_do,rt2_0.tab_status_in from reservation_table rt1_0 left join res_table rt2_0 on rt2_0.tab_id_in=rt1_0.tab_id_in where rt1_0.res_id_in=?
Hibernate: select rt1_0.tab_id_in,rt1_0.tab_cap_in,rt1_0.tab_pri_do,rt1_0.tab_status_in from res_table rt1_0 where rt1_0.tab_id_in=?
Hibernate: select rt1_0.tab_id_in,rt1_0.tab_cap_in,rt1_0.tab_pri_do,rt1_0.tab_status_in from res_table rt1_0 where rt1_0.tab_id_in=?
Payment deadline: 2024-09-29T19:10:51.781698 Current time: 2024-09-29T22:27:46.557634
Hibernate: select r1_0.res_id_in,r1_0.res_cre_dt,c1_0.cus_id_in,c1_0.cus_add_vc,c1_0.cus_dni_vc,c1_0.cus_mail_vc,c1_0.cus_name,c1_0.cus_pas_vc,c1_0.cus_pho_in,c1_0.cus_regis_date_dt,r1_0.res_date_dt,r1_0.res_end_time_tm,r1_0.res_ges_num_in,r1_0.res_tok_vc,r1_0.res_sta_pay_bo,r1_0.res_price_tot_do,r1_0.res_start_time_tm,od1_0.res_id_in,od1_0.dis_id_in,d1_0.dis_id_in,d1_0.dis_des_vc,d1_0.dis_pri_do,d1_0.dis_tit_vc,od1_0.res_can_in from reservation r1_0 left join customer c1_0 on c1_0.cus_id_in=r1_0.customer_cus_id_in left join order_reservation od1_0 on r1_0.res_id_in=od1_0.res_id_in left join dish d1_0 on d1_0.dis_id_in=od1_0.dis_id_in where r1_0.res_id_in=?
Hibernate: select rt1_0.res_id_in,rt1_0.tab_id_in,rt2_0.tab_id_in,rt2_0.tab_cap_in,rt2_0.tab_pri_do,rt2_0.tab_status_in from reservation_table rt1_0 left join res_table rt2_0 on rt2_0.tab_id_in=rt1_0.tab_id_in where rt1_0.res_id_in=?
Hibernate: select rt1_0.tab_id_in,rt1_0.tab_cap_in,rt1_0.tab_pri_do,rt1_0.tab_status_in from res_table rt1_0 where rt1_0.tab_id_in=?
Payment deadline: 2024-09-29T20:11:15.227489 Current time: 2024-09-29T22:27:46.565634400
Hibernate: select r1_0.res_id_in,r1_0.res_cre_dt,c1_0.cus_id_in,c1_0.cus_add_vc,c1_0.cus_dni_vc,c1_0.cus_mail_vc,c1_0.cus_name,c1_0.cus_pas_vc,c1_0.cus_pho_in,c1_0.cus_regis_date_dt,r1_0.res_date_dt,r1_0.res_end_time_tm,r1_0.res_ges_num_in,r1_0.res_tok_vc,r1_0.res_sta_pay_bo,r1_0.res_price_tot_do,r1_0.res_start_time_tm,od1_0.res_id_in,od1_0.dis_id_in,d1_0.dis_id_in,d1_0.dis_des_vc,d1_0.dis_pri_do,d1_0.dis_tit_vc,od1_0.res_can_in from reservation r1_0 left join customer c1_0 on c1_0.cus_id_in=r1_0.customer_cus_id_in left join order_reservation od1_0 on r1_0.res_id_in=od1_0.res_id_in left join dish d1_0 on d1_0.dis_id_in=od1_0.dis_id_in where r1_0.res_id_in=?
Hibernate: select rt1_0.res_id_in,rt1_0.tab_id_in,rt2_0.tab_id_in,rt2_0.tab_cap_in,rt2_0.tab_pri_do,rt2_0.tab_status_in from reservation_table rt1_0 left join res_table rt2_0 on rt2_0.tab_id_in=rt1_0.tab_id_in where rt1_0.res_id_in=?
Hibernate: select rt1_0.tab_id_in,rt1_0.tab_cap_in,rt1_0.tab_pri_do,rt1_0.tab_status_in from res_table rt1_0 where rt1_0.tab_id_in=?
Payment deadline: 2024-09-29T20:28:04.882076 Current time: 2024-09-29T22:27:46.573633700
Hibernate: select r1_0.res_id_in,r1_0.res_cre_dt,c1_0.cus_id_in,c1_0.cus_add_vc,c1_0.cus_dni_vc,c1_0.cus_mail_vc,c1_0.cus_name,c1_0.cus_pas_vc,c1_0.cus_pho_in,c1_0.cus_regis_date_dt,r1_0.res_date_dt,r1_0.res_end_time_tm,r1_0.res_ges_num_in,r1_0.res_tok_vc,r1_0.res_sta_pay_bo,r1_0.res_price_tot_do,r1_0.res_start_time_tm,od1_0.res_id_in,od1_0.dis_id_in,d1_0.dis_id_in,d1_0.dis_des_vc,d1_0.dis_pri_do,d1_0.dis_tit_vc,od1_0.res_can_in from reservation r1_0 left join customer c1_0 on c1_0.cus_id_in=r1_0.customer_cus_id_in left join order_reservation od1_0 on r1_0.res_id_in=od1_0.res_id_in left join dish d1_0 on d1_0.dis_id_in=od1_0.dis_id_in where r1_0.res_id_in=?
Hibernate: select rt1_0.res_id_in,rt1_0.tab_id_in,rt2_0.tab_id_in,rt2_0.tab_cap_in,rt2_0.tab_pri_do,rt2_0.tab_status_in from reservation_table rt1_0 left join res_table rt2_0 on rt2_0.tab_id_in=rt1_0.tab_id_in where rt1_0.res_id_in=?
Hibernate: select rt1_0.tab_id_in,rt1_0.tab_cap_in,rt1_0.tab_pri_do,rt1_0.tab_status_in from res_table rt1_0 where rt1_0.tab_id_in=?
Payment deadline: 2024-09-29T20:37:26.159831 Current time: 2024-09-29T22:27:46.582967400
Hibernate: select r1_0.res_id_in,r1_0.res_cre_dt,c1_0.cus_id_in,c1_0.cus_add_vc,c1_0.cus_dni_vc,c1_0.cus_mail_vc,c1_0.cus_name,c1_0.cus_pas_vc,c1_0.cus_pho_in,c1_0.cus_regis_date_dt,r1_0.res_date_dt,r1_0.res_end_time_tm,r1_0.res_ges_num_in,r1_0.res_tok_vc,r1_0.res_sta_pay_bo,r1_0.res_price_tot_do,r1_0.res_start_time_tm,od1_0.res_id_in,od1_0.dis_id_in,d1_0.dis_id_in,d1_0.dis_des_vc,d1_0.dis_pri_do,d1_0.dis_tit_vc,od1_0.res_can_in from reservation r1_0 left join customer c1_0 on c1_0.cus_id_in=r1_0.customer_cus_id_in left join order_reservation od1_0 on r1_0.res_id_in=od1_0.res_id_in left join dish d1_0 on d1_0.dis_id_in=od1_0.dis_id_in where r1_0.res_id_in=?
Hibernate: select rt1_0.res_id_in,rt1_0.tab_id_in,rt2_0.tab_id_in,rt2_0.tab_cap_in,rt2_0.tab_pri_do,rt2_0.tab_status_in from reservation_table rt1_0 left join res_table rt2_0 on rt2_0.tab_id_in=rt1_0.tab_id_in where rt1_0.res_id_in=?
Hibernate: select rt1_0.tab_id_in,rt1_0.tab_cap_in,rt1_0.tab_pri_do,rt1_0.tab_status_in from res_table rt1_0 where rt1_0.tab_id_in=?
Payment deadline: 2024-09-29T19:18:10.188182 Current time: 2024-09-29T22:27:46.590850700
Hibernate: select r1_0.res_id_in,r1_0.res_cre_dt,c1_0.cus_id_in,c1_0.cus_add_vc,c1_0.cus_dni_vc,c1_0.cus_mail_vc,c1_0.cus_name,c1_0.cus_pas_vc,c1_0.cus_pho_in,c1_0.cus_regis_date_dt,r1_0.res_date_dt,r1_0.res_end_time_tm,r1_0.res_ges_num_in,r1_0.res_tok_vc,r1_0.res_sta_pay_bo,r1_0.res_price_tot_do,r1_0.res_start_time_tm,od1_0.res_id_in,od1_0.dis_id_in,d1_0.dis_id_in,d1_0.dis_des_vc,d1_0.dis_pri_do,d1_0.dis_tit_vc,od1_0.res_can_in from reservation r1_0 left join customer c1_0 on c1_0.cus_id_in=r1_0.customer_cus_id_in left join order_reservation od1_0 on r1_0.res_id_in=od1_0.res_id_in left join dish d1_0 on d1_0.dis_id_in=od1_0.dis_id_in where r1_0.res_id_in=?
Hibernate: select rt1_0.res_id_in,rt1_0.tab_id_in,rt2_0.tab_id_in,rt2_0.tab_cap_in,rt2_0.tab_pri_do,rt2_0.tab_status_in from reservation_table rt1_0 left join res_table rt2_0 on rt2_0.tab_id_in=rt1_0.tab_id_in where rt1_0.res_id_in=?
Hibernate: select rt1_0.tab_id_in,rt1_0.tab_cap_in,rt1_0.tab_pri_do,rt1_0.tab_status_in from res_table rt1_0 where rt1_0.tab_id_in=?
Payment deadline: 2024-09-29T20:42:56.810487 Current time: 2024-09-29T22:27:46.600620400
Hibernate: select r1_0.res_id_in,r1_0.res_cre_dt,c1_0.cus_id_in,c1_0.cus_add_vc,c1_0.cus_dni_vc,c1_0.cus_mail_vc,c1_0.cus_name,c1_0.cus_pas_vc,c1_0.cus_pho_in,c1_0.cus_regis_date_dt,r1_0.res_date_dt,r1_0.res_end_time_tm,r1_0.res_ges_num_in,r1_0.res_tok_vc,r1_0.res_sta_pay_bo,r1_0.res_price_tot_do,r1_0.res_start_time_tm,od1_0.res_id_in,od1_0.dis_id_in,d1_0.dis_id_in,d1_0.dis_des_vc,d1_0.dis_pri_do,d1_0.dis_tit_vc,od1_0.res_can_in from reservation r1_0 left join customer c1_0 on c1_0.cus_id_in=r1_0.customer_cus_id_in left join order_reservation od1_0 on r1_0.res_id_in=od1_0.res_id_in left join dish d1_0 on d1_0.dis_id_in=od1_0.dis_id_in where r1_0.res_id_in=?
Hibernate: select rt1_0.res_id_in,rt1_0.tab_id_in,rt2_0.tab_id_in,rt2_0.tab_cap_in,rt2_0.tab_pri_do,rt2_0.tab_status_in from reservation_table rt1_0 left join res_table rt2_0 on rt2_0.tab_id_in=rt1_0.tab_id_in where rt1_0.res_id_in=?
Hibernate: select rt1_0.tab_id_in,rt1_0.tab_cap_in,rt1_0.tab_pri_do,rt1_0.tab_status_in from res_table rt1_0 where rt1_0.tab_id_in=?
Payment deadline: 2024-09-29T18:57:19.950377 Current time: 2024-09-29T22:27:46.610625200
Hibernate: select r1_0.res_id_in,r1_0.res_cre_dt,c1_0.cus_id_in,c1_0.cus_add_vc,c1_0.cus_dni_vc,c1_0.cus_mail_vc,c1_0.cus_name,c1_0.cus_pas_vc,c1_0.cus_pho_in,c1_0.cus_regis_date_dt,r1_0.res_date_dt,r1_0.res_end_time_tm,r1_0.res_ges_num_in,r1_0.res_tok_vc,r1_0.res_sta_pay_bo,r1_0.res_price_tot_do,r1_0.res_start_time_tm,od1_0.res_id_in,od1_0.dis_id_in,d1_0.dis_id_in,d1_0.dis_des_vc,d1_0.dis_pri_do,d1_0.dis_tit_vc,od1_0.res_can_in from reservation r1_0 left join customer c1_0 on c1_0.cus_id_in=r1_0.customer_cus_id_in left join order_reservation od1_0 on r1_0.res_id_in=od1_0.res_id_in left join dish d1_0 on d1_0.dis_id_in=od1_0.dis_id_in where r1_0.res_id_in=?
Hibernate: select rt1_0.res_id_in,rt1_0.tab_id_in,rt2_0.tab_id_in,rt2_0.tab_cap_in,rt2_0.tab_pri_do,rt2_0.tab_status_in from reservation_table rt1_0 left join res_table rt2_0 on rt2_0.tab_id_in=rt1_0.tab_id_in where rt1_0.res_id_in=?
Hibernate: select rt1_0.tab_id_in,rt1_0.tab_cap_in,rt1_0.tab_pri_do,rt1_0.tab_status_in from res_table rt1_0 where rt1_0.tab_id_in=?
Payment deadline: 2024-09-29T21:54:27.662055 Current time: 2024-09-29T22:27:46.619621400
Hibernate: select r1_0.res_id_in,r1_0.res_cre_dt,c1_0.cus_id_in,c1_0.cus_add_vc,c1_0.cus_dni_vc,c1_0.cus_mail_vc,c1_0.cus_name,c1_0.cus_pas_vc,c1_0.cus_pho_in,c1_0.cus_regis_date_dt,r1_0.res_date_dt,r1_0.res_end_time_tm,r1_0.res_ges_num_in,r1_0.res_tok_vc,r1_0.res_sta_pay_bo,r1_0.res_price_tot_do,r1_0.res_start_time_tm,od1_0.res_id_in,od1_0.dis_id_in,d1_0.dis_id_in,d1_0.dis_des_vc,d1_0.dis_pri_do,d1_0.dis_tit_vc,od1_0.res_can_in from reservation r1_0 left join customer c1_0 on c1_0.cus_id_in=r1_0.customer_cus_id_in left join order_reservation od1_0 on r1_0.res_id_in=od1_0.res_id_in left join dish d1_0 on d1_0.dis_id_in=od1_0.dis_id_in where r1_0.res_id_in=?
Hibernate: select rt1_0.res_id_in,rt1_0.tab_id_in,rt2_0.tab_id_in,rt2_0.tab_cap_in,rt2_0.tab_pri_do,rt2_0.tab_status_in from reservation_table rt1_0 left join res_table rt2_0 on rt2_0.tab_id_in=rt1_0.tab_id_in where rt1_0.res_id_in=?
Hibernate: select rt1_0.tab_id_in,rt1_0.tab_cap_in,rt1_0.tab_pri_do,rt1_0.tab_status_in from res_table rt1_0 where rt1_0.tab_id_in=?
Payment deadline: 2024-09-29T19:51:04.610101 Current time: 2024-09-29T22:27:46.628622900
Hibernate: select r1_0.res_id_in,r1_0.res_cre_dt,c1_0.cus_id_in,c1_0.cus_add_vc,c1_0.cus_dni_vc,c1_0.cus_mail_vc,c1_0.cus_name,c1_0.cus_pas_vc,c1_0.cus_pho_in,c1_0.cus_regis_date_dt,r1_0.res_date_dt,r1_0.res_end_time_tm,r1_0.res_ges_num_in,r1_0.res_tok_vc,r1_0.res_sta_pay_bo,r1_0.res_price_tot_do,r1_0.res_start_time_tm,od1_0.res_id_in,od1_0.dis_id_in,d1_0.dis_id_in,d1_0.dis_des_vc,d1_0.dis_pri_do,d1_0.dis_tit_vc,od1_0.res_can_in from reservation r1_0 left join customer c1_0 on c1_0.cus_id_in=r1_0.customer_cus_id_in left join order_reservation od1_0 on r1_0.res_id_in=od1_0.res_id_in left join dish d1_0 on d1_0.dis_id_in=od1_0.dis_id_in where r1_0.res_id_in=?
Hibernate: select rt1_0.res_id_in,rt1_0.tab_id_in,rt2_0.tab_id_in,rt2_0.tab_cap_in,rt2_0.tab_pri_do,rt2_0.tab_status_in from reservation_table rt1_0 left join res_table rt2_0 on rt2_0.tab_id_in=rt1_0.tab_id_in where rt1_0.res_id_in=?
Hibernate: select rt1_0.tab_id_in,rt1_0.tab_cap_in,rt1_0.tab_pri_do,rt1_0.tab_status_in from res_table rt1_0 where rt1_0.tab_id_in=?
Payment deadline: 2024-09-29T21:58:05.500082 Current time: 2024-09-29T22:27:46.635625100
]]></system-out>
    <system-err><![CDATA[WARNING: A Java agent has been loaded dynamically (C:\Users\JAVIER\.m2\repository\net\bytebuddy\byte-buddy-agent\1.14.19\byte-buddy-agent-1.14.19.jar)
WARNING: If a serviceability tool is in use, please run with -XX:+EnableDynamicAgentLoading to hide this warning
WARNING: If a serviceability tool is not in use, please run with -Djdk.instrument.traceUsage for more information
WARNING: Dynamic loading of agents will be disallowed by default in a future release
]]></system-err>
  </testcase>
</testsuite>